<!DOCTYPE html PUBLIC "-//W3C//DTD XHTML 1.1//EN" "https://www.w3.org/TR/xhtml11/DTD/xhtml11.dtd">
<html xmlns="https://www.w3.org/1999/xhtml">
<head>
<meta http-equiv="content-type" content="text/html; charset=UTF-8"/>
<title>TestNG Report</title>
<style type="text/css">table {margin-bottom:10px;border-collapse:collapse;empty-cells:show}th,td {border:1px solid #009;padding:.25em .5em}th {vertical-align:bottom}td {vertical-align:top}table a {font-weight:bold}.stripe td {background-color: #E6EBF9}.num {text-align:right}.passedodd td {background-color: #3F3}.passedeven td {background-color: #0A0}.skippedodd td {background-color: #DDD}.skippedeven td {background-color: #CCC}.failedodd td,.attn {background-color: #F33}.failedeven td,.stripe .attn {background-color: #D00}.stacktrace {white-space:pre;font-family:monospace}.totop {font-size:85%;text-align:center;border-bottom:2px solid #000}.invisible {display:none}</style>
</head>
<body>
<table>
<tr><th>Test</th><th># Passed</th><th># Skipped</th><th># Retried</th><th># Failed</th><th>Time (ms)</th><th>Included Groups</th><th>Excluded Groups</th></tr>
<tr><th colspan="8">Default suite</th></tr>
<tr><td><a href="#t0">Default test</a></td><td class="num">3</td><td class="num">0</td><td class="num">0</td><td class="num attn">16</td><td class="num">6,961,592</td><td></td><td></td></tr>
</table>
<table id='summary'><thead><tr><th>Class</th><th>Method</th><th>Start</th><th>Time (ms)</th></tr></thead><tbody><tr><th colspan="4">Default suite</th></tr></tbody><tbody id="t0"><tr><th colspan="4">Default test &#8212; failed</th></tr><tr class="failedeven"><td rowspan="16">com.test.user.UserManagementModule.UserManagement_TC</td><td><a href="#m0">Add_new_user_page_Enter_and_select_inputs_for_all_fields_except_Email_Field_and_click_on_submit_button</a></td><td rowspan="1">1735394153457</td><td rowspan="1">1380447</td></tr><tr class="failedeven"><td><a href="#m1">Add_new_user_page_Enter_and_select_inputs_for_all_fields_except_Name_Field_and_click_on_submit_button</a></td><td rowspan="1">1735393372968</td><td rowspan="1">780150</td></tr><tr class="failedeven"><td><a href="#m2">Add_new_user_page_Enter_and_select_inputs_for_all_fields_except_Phone_number_Field_and_click_on_submit_button</a></td><td rowspan="1">1735395534319</td><td rowspan="1">1380330</td></tr><tr class="failedeven"><td><a href="#m3">Add_new_user_page_Enter_and_select_inputs_for_all_fields_except_organization_type_dropdown_and_click_on_submit_button</a></td><td rowspan="1">1735398295591</td><td rowspan="1">1380328</td></tr><tr class="failedeven"><td><a href="#m4">Add_new_user_page_Enter_and_select_inputs_for_all_fields_except_role_dropdown_and_click_on_submit_button</a></td><td rowspan="1">1735396915096</td><td rowspan="1">1380062</td></tr><tr class="failedeven"><td><a href="#m5">Add_new_user_page_Invalid_Email_Format</a></td><td rowspan="1">1735399676342</td><td rowspan="1">2</td></tr><tr class="failedeven"><td><a href="#m6">Add_new_user_page_Organization_Type_Selection_as_Branch_Display_Head_office_and_Zone_CO_Region_and_Branch_dropdown_fields</a></td><td rowspan="1">1735392768133</td><td rowspan="1">3737</td></tr><tr class="failedeven"><td><a href="#m7">Add_new_user_page_Organization_Type_Selection_as_Head_office_Display_Head_Office_Dropdown</a></td><td rowspan="1">1735392746231</td><td rowspan="1">13449</td></tr><tr class="failedeven"><td><a href="#m8">Add_new_user_page_Organization_Type_Selection_as_Region_Display_Head_office_and_Zone_CO_Region_dropdown_fields</a></td><td rowspan="1">1735392764014</td><td rowspan="1">3788</td></tr><tr class="failedeven"><td><a href="#m9">Add_new_user_page_Organization_Type_Selection_as_Zone_Co_Display_Head_office_and_Zone_CO_dropdown_fields</a></td><td rowspan="1">1735392759965</td><td rowspan="1">3745</td></tr><tr class="failedeven"><td><a href="#m10">Add_new_user_page_Submit_Without_Inputs</a></td><td rowspan="1">1735392772118</td><td rowspan="1">600600</td></tr><tr class="failedeven"><td><a href="#m11">Test_Redirect_to_Add_New_User_Page</a></td><td rowspan="1">1735392743953</td><td rowspan="1">336</td></tr><tr class="failedeven"><td><a href="#m12">User_search_page_Pagination_of_Active_users_Last_page_button_functionality_and_data_checking</a></td><td rowspan="1">1735392737615</td><td rowspan="1">5677</td></tr><tr class="failedeven"><td><a href="#m13">User_search_page_Pagination_of_Active_users_Previous_page_button_functionality_and_data_checking</a></td><td rowspan="1">1735392743482</td><td rowspan="1">311</td></tr><tr class="failedeven"><td><a href="#m14">User_search_page_Pagination_of_Active_users_Second_page_button_functionality_and_data_checking</a></td><td rowspan="1">1735392737193</td><td rowspan="1">241</td></tr><tr class="failedeven"><td><a href="#m15">User_search_page__Default_State_of_IsActive_Checkbox</a></td><td rowspan="1">1735392736373</td><td rowspan="1">7</td></tr><tr><th colspan="4">Default test &#8212; passed</th></tr><tr class="passedeven"><td rowspan="3">com.test.user.UserManagementModule.UserManagement_TC</td><td><a href="#m16">Navigation_to_User_Management_Page</a></td><td rowspan="1">1735392715465</td><td rowspan="1">20896</td></tr><tr class="passedeven"><td><a href="#m17">Page_redirects_to_Add_New_User_page_showing_Name_Email_Phone_number_fields_Role_and_Organization_Type_dropdowns_Close_and_Submit_buttons_are_visible</a></td><td rowspan="1">1735392744488</td><td rowspan="1">505</td></tr><tr class="passedeven"><td><a href="#m18">User_search_page__Pagination_of_Active_users</a></td><td rowspan="1">1735392736566</td><td rowspan="1">622</td></tr></tbody>
</table>
<h2>Default test</h2><h3 id="m0">com.test.user.UserManagementModule.UserManagement_TC#Add_new_user_page_Enter_and_select_inputs_for_all_fields_except_Email_Field_and_click_on_submit_button</h3><table class="result"><tr class="param"><th>Parameter #1</th></tr><tr class="param stripe"><td>{AlphabeticInputName=Mahalinga, AlphaNumericInputName=John1234, Branch=Indore I, Email=mahalinga@gmail.com, EmailWithoutDomain=kishan@, HeadOffice=Mumbai, InvalidEmailId=kishangmail.com, InvalidUserName=InvalidUser, Name=Simran, NumberEightDigits=90089257, NumberWithLetters=AbCd, NumericInputName=12345, OrganizationType=Head office, OrganizationType2=Zone/CO, OrganizationType3=Region, OrganizationType4=Branch, Phonenumber=8089889910, PwdOriginal=test@123, Region=Indore, Run=Yes, Testrole=NewrolePlaywright, TestScenario=User_UserManagment, UNOriginal=IBU0001195, UserManagementPageRole=Admin, UsernameInUNPage=IBU0001192, ZoneCo=Ahmedabad}</td></tr><tr><th>Exception</th></tr><tr><td><div class="stacktrace">java.lang.NoClassDefFoundError: com/test/user/UserManagementModule/UserManagement_TC$15
	at com.test.user.UserManagementModule.UserManagement_TC.Add_new_user_page_Enter_and_select_inputs_for_all_fields_except_Email_Field_and_click_on_submit_button(UserManagement_TC.java:463)
	at java.base/jdk.internal.reflect.DirectMethodHandleAccessor.invoke(DirectMethodHandleAccessor.java:103)
	at java.base/java.lang.reflect.Method.invoke(Method.java:580)
	at org.testng.internal.MethodInvocationHelper.invokeMethod(MethodInvocationHelper.java:133)
	at org.testng.internal.TestInvoker.invokeMethod(TestInvoker.java:598)
	at org.testng.internal.TestInvoker.invokeTestMethod(TestInvoker.java:173)
	at org.testng.internal.MethodRunner.runInSequence(MethodRunner.java:46)
	at org.testng.internal.TestInvoker$MethodInvocationAgent.invoke(TestInvoker.java:824)
	at org.testng.internal.TestInvoker.invokeTestMethods(TestInvoker.java:146)
	at org.testng.internal.TestMethodWorker.invokeTestMethods(TestMethodWorker.java:146)
	at org.testng.internal.TestMethodWorker.run(TestMethodWorker.java:128)
	at java.base/java.util.ArrayList.forEach(ArrayList.java:1597)
	at org.testng.TestRunner.privateRun(TestRunner.java:794)
	at org.testng.TestRunner.run(TestRunner.java:596)
	at org.testng.SuiteRunner.runTest(SuiteRunner.java:377)
	at org.testng.SuiteRunner.runSequentially(SuiteRunner.java:371)
	at org.testng.SuiteRunner.privateRun(SuiteRunner.java:332)
	at org.testng.SuiteRunner.run(SuiteRunner.java:276)
	at org.testng.SuiteRunnerWorker.runSuite(SuiteRunnerWorker.java:53)
	at org.testng.SuiteRunnerWorker.run(SuiteRunnerWorker.java:96)
	at org.testng.TestNG.runSuitesSequentially(TestNG.java:1212)
	at org.testng.TestNG.runSuitesLocally(TestNG.java:1134)
	at org.testng.TestNG.runSuites(TestNG.java:1063)
	at org.testng.TestNG.run(TestNG.java:1031)
	at org.testng.remote.AbstractRemoteTestNG.run(AbstractRemoteTestNG.java:115)
	at org.testng.remote.RemoteTestNG.initAndRun(RemoteTestNG.java:293)
	at org.testng.remote.RemoteTestNG.main(RemoteTestNG.java:91)
Caused by: java.lang.ClassNotFoundException: com.test.user.UserManagementModule.UserManagement_TC$15
	at java.base/jdk.internal.loader.BuiltinClassLoader.loadClass(BuiltinClassLoader.java:641)
	at java.base/jdk.internal.loader.ClassLoaders$AppClassLoader.loadClass(ClassLoaders.java:188)
	at java.base/java.lang.ClassLoader.loadClass(ClassLoader.java:525)
	... 27 more
</div></td></tr></table><p class="totop"><a href="#summary">back to summary</a></p>
<h3 id="m1">com.test.user.UserManagementModule.UserManagement_TC#Add_new_user_page_Enter_and_select_inputs_for_all_fields_except_Name_Field_and_click_on_submit_button</h3><table class="result"><tr class="param"><th>Parameter #1</th></tr><tr class="param stripe"><td>{AlphabeticInputName=Mahalinga, AlphaNumericInputName=John1234, Branch=Indore I, Email=mahalinga@gmail.com, EmailWithoutDomain=kishan@, HeadOffice=Mumbai, InvalidEmailId=kishangmail.com, InvalidUserName=InvalidUser, Name=Simran, NumberEightDigits=90089257, NumberWithLetters=AbCd, NumericInputName=12345, OrganizationType=Head office, OrganizationType2=Zone/CO, OrganizationType3=Region, OrganizationType4=Branch, Phonenumber=8089889910, PwdOriginal=test@123, Region=Indore, Run=Yes, Testrole=NewrolePlaywright, TestScenario=User_UserManagment, UNOriginal=IBU0001195, UserManagementPageRole=Admin, UsernameInUNPage=IBU0001192, ZoneCo=Ahmedabad}</td></tr><tr><th>Exception</th></tr><tr><td><div class="stacktrace">java.lang.NoClassDefFoundError: com/test/user/UserManagementModule/UserManagement_TC$14
	at com.test.user.UserManagementModule.UserManagement_TC.Add_new_user_page_Enter_and_select_inputs_for_all_fields_except_Name_Field_and_click_on_submit_button(UserManagement_TC.java:428)
	at java.base/jdk.internal.reflect.DirectMethodHandleAccessor.invoke(DirectMethodHandleAccessor.java:103)
	at java.base/java.lang.reflect.Method.invoke(Method.java:580)
	at org.testng.internal.MethodInvocationHelper.invokeMethod(MethodInvocationHelper.java:133)
	at org.testng.internal.TestInvoker.invokeMethod(TestInvoker.java:598)
	at org.testng.internal.TestInvoker.invokeTestMethod(TestInvoker.java:173)
	at org.testng.internal.MethodRunner.runInSequence(MethodRunner.java:46)
	at org.testng.internal.TestInvoker$MethodInvocationAgent.invoke(TestInvoker.java:824)
	at org.testng.internal.TestInvoker.invokeTestMethods(TestInvoker.java:146)
	at org.testng.internal.TestMethodWorker.invokeTestMethods(TestMethodWorker.java:146)
	at org.testng.internal.TestMethodWorker.run(TestMethodWorker.java:128)
	at java.base/java.util.ArrayList.forEach(ArrayList.java:1597)
	at org.testng.TestRunner.privateRun(TestRunner.java:794)
	at org.testng.TestRunner.run(TestRunner.java:596)
	at org.testng.SuiteRunner.runTest(SuiteRunner.java:377)
	at org.testng.SuiteRunner.runSequentially(SuiteRunner.java:371)
	at org.testng.SuiteRunner.privateRun(SuiteRunner.java:332)
	at org.testng.SuiteRunner.run(SuiteRunner.java:276)
	at org.testng.SuiteRunnerWorker.runSuite(SuiteRunnerWorker.java:53)
	at org.testng.SuiteRunnerWorker.run(SuiteRunnerWorker.java:96)
	at org.testng.TestNG.runSuitesSequentially(TestNG.java:1212)
	at org.testng.TestNG.runSuitesLocally(TestNG.java:1134)
	at org.testng.TestNG.runSuites(TestNG.java:1063)
	at org.testng.TestNG.run(TestNG.java:1031)
	at org.testng.remote.AbstractRemoteTestNG.run(AbstractRemoteTestNG.java:115)
	at org.testng.remote.RemoteTestNG.initAndRun(RemoteTestNG.java:293)
	at org.testng.remote.RemoteTestNG.main(RemoteTestNG.java:91)
Caused by: java.lang.ClassNotFoundException: com.test.user.UserManagementModule.UserManagement_TC$14
	at java.base/jdk.internal.loader.BuiltinClassLoader.loadClass(BuiltinClassLoader.java:641)
	at java.base/jdk.internal.loader.ClassLoaders$AppClassLoader.loadClass(ClassLoaders.java:188)
	at java.base/java.lang.ClassLoader.loadClass(ClassLoader.java:525)
	... 27 more
</div></td></tr></table><p class="totop"><a href="#summary">back to summary</a></p>
<h3 id="m2">com.test.user.UserManagementModule.UserManagement_TC#Add_new_user_page_Enter_and_select_inputs_for_all_fields_except_Phone_number_Field_and_click_on_submit_button</h3><table class="result"><tr class="param"><th>Parameter #1</th></tr><tr class="param stripe"><td>{AlphabeticInputName=Mahalinga, AlphaNumericInputName=John1234, Branch=Indore I, Email=mahalinga@gmail.com, EmailWithoutDomain=kishan@, HeadOffice=Mumbai, InvalidEmailId=kishangmail.com, InvalidUserName=InvalidUser, Name=Simran, NumberEightDigits=90089257, NumberWithLetters=AbCd, NumericInputName=12345, OrganizationType=Head office, OrganizationType2=Zone/CO, OrganizationType3=Region, OrganizationType4=Branch, Phonenumber=8089889910, PwdOriginal=test@123, Region=Indore, Run=Yes, Testrole=NewrolePlaywright, TestScenario=User_UserManagment, UNOriginal=IBU0001195, UserManagementPageRole=Admin, UsernameInUNPage=IBU0001192, ZoneCo=Ahmedabad}</td></tr><tr><th>Exception</th></tr><tr><td><div class="stacktrace">java.lang.NoClassDefFoundError: com/test/user/UserManagementModule/UserManagement_TC$16
	at com.test.user.UserManagementModule.UserManagement_TC.Add_new_user_page_Enter_and_select_inputs_for_all_fields_except_Phone_number_Field_and_click_on_submit_button(UserManagement_TC.java:497)
	at java.base/jdk.internal.reflect.DirectMethodHandleAccessor.invoke(DirectMethodHandleAccessor.java:103)
	at java.base/java.lang.reflect.Method.invoke(Method.java:580)
	at org.testng.internal.MethodInvocationHelper.invokeMethod(MethodInvocationHelper.java:133)
	at org.testng.internal.TestInvoker.invokeMethod(TestInvoker.java:598)
	at org.testng.internal.TestInvoker.invokeTestMethod(TestInvoker.java:173)
	at org.testng.internal.MethodRunner.runInSequence(MethodRunner.java:46)
	at org.testng.internal.TestInvoker$MethodInvocationAgent.invoke(TestInvoker.java:824)
	at org.testng.internal.TestInvoker.invokeTestMethods(TestInvoker.java:146)
	at org.testng.internal.TestMethodWorker.invokeTestMethods(TestMethodWorker.java:146)
	at org.testng.internal.TestMethodWorker.run(TestMethodWorker.java:128)
	at java.base/java.util.ArrayList.forEach(ArrayList.java:1597)
	at org.testng.TestRunner.privateRun(TestRunner.java:794)
	at org.testng.TestRunner.run(TestRunner.java:596)
	at org.testng.SuiteRunner.runTest(SuiteRunner.java:377)
	at org.testng.SuiteRunner.runSequentially(SuiteRunner.java:371)
	at org.testng.SuiteRunner.privateRun(SuiteRunner.java:332)
	at org.testng.SuiteRunner.run(SuiteRunner.java:276)
	at org.testng.SuiteRunnerWorker.runSuite(SuiteRunnerWorker.java:53)
	at org.testng.SuiteRunnerWorker.run(SuiteRunnerWorker.java:96)
	at org.testng.TestNG.runSuitesSequentially(TestNG.java:1212)
	at org.testng.TestNG.runSuitesLocally(TestNG.java:1134)
	at org.testng.TestNG.runSuites(TestNG.java:1063)
	at org.testng.TestNG.run(TestNG.java:1031)
	at org.testng.remote.AbstractRemoteTestNG.run(AbstractRemoteTestNG.java:115)
	at org.testng.remote.RemoteTestNG.initAndRun(RemoteTestNG.java:293)
	at org.testng.remote.RemoteTestNG.main(RemoteTestNG.java:91)
Caused by: java.lang.ClassNotFoundException: com.test.user.UserManagementModule.UserManagement_TC$16
	at java.base/jdk.internal.loader.BuiltinClassLoader.loadClass(BuiltinClassLoader.java:641)
	at java.base/jdk.internal.loader.ClassLoaders$AppClassLoader.loadClass(ClassLoaders.java:188)
	at java.base/java.lang.ClassLoader.loadClass(ClassLoader.java:525)
	... 27 more
</div></td></tr></table><p class="totop"><a href="#summary">back to summary</a></p>
<h3 id="m3">com.test.user.UserManagementModule.UserManagement_TC#Add_new_user_page_Enter_and_select_inputs_for_all_fields_except_organization_type_dropdown_and_click_on_submit_button</h3><table class="result"><tr class="param"><th>Parameter #1</th></tr><tr class="param stripe"><td>{AlphabeticInputName=Mahalinga, AlphaNumericInputName=John1234, Branch=Indore I, Email=mahalinga@gmail.com, EmailWithoutDomain=kishan@, HeadOffice=Mumbai, InvalidEmailId=kishangmail.com, InvalidUserName=InvalidUser, Name=Simran, NumberEightDigits=90089257, NumberWithLetters=AbCd, NumericInputName=12345, OrganizationType=Head office, OrganizationType2=Zone/CO, OrganizationType3=Region, OrganizationType4=Branch, Phonenumber=8089889910, PwdOriginal=test@123, Region=Indore, Run=Yes, Testrole=NewrolePlaywright, TestScenario=User_UserManagment, UNOriginal=IBU0001195, UserManagementPageRole=Admin, UsernameInUNPage=IBU0001192, ZoneCo=Ahmedabad}</td></tr><tr><th>Exception</th></tr><tr><td><div class="stacktrace">java.lang.NoClassDefFoundError: com/test/user/UserManagementModule/UserManagement_TC$18
	at com.test.user.UserManagementModule.UserManagement_TC.Add_new_user_page_Enter_and_select_inputs_for_all_fields_except_organization_type_dropdown_and_click_on_submit_button(UserManagement_TC.java:563)
	at java.base/jdk.internal.reflect.DirectMethodHandleAccessor.invoke(DirectMethodHandleAccessor.java:103)
	at java.base/java.lang.reflect.Method.invoke(Method.java:580)
	at org.testng.internal.MethodInvocationHelper.invokeMethod(MethodInvocationHelper.java:133)
	at org.testng.internal.TestInvoker.invokeMethod(TestInvoker.java:598)
	at org.testng.internal.TestInvoker.invokeTestMethod(TestInvoker.java:173)
	at org.testng.internal.MethodRunner.runInSequence(MethodRunner.java:46)
	at org.testng.internal.TestInvoker$MethodInvocationAgent.invoke(TestInvoker.java:824)
	at org.testng.internal.TestInvoker.invokeTestMethods(TestInvoker.java:146)
	at org.testng.internal.TestMethodWorker.invokeTestMethods(TestMethodWorker.java:146)
	at org.testng.internal.TestMethodWorker.run(TestMethodWorker.java:128)
	at java.base/java.util.ArrayList.forEach(ArrayList.java:1597)
	at org.testng.TestRunner.privateRun(TestRunner.java:794)
	at org.testng.TestRunner.run(TestRunner.java:596)
	at org.testng.SuiteRunner.runTest(SuiteRunner.java:377)
	at org.testng.SuiteRunner.runSequentially(SuiteRunner.java:371)
	at org.testng.SuiteRunner.privateRun(SuiteRunner.java:332)
	at org.testng.SuiteRunner.run(SuiteRunner.java:276)
	at org.testng.SuiteRunnerWorker.runSuite(SuiteRunnerWorker.java:53)
	at org.testng.SuiteRunnerWorker.run(SuiteRunnerWorker.java:96)
	at org.testng.TestNG.runSuitesSequentially(TestNG.java:1212)
	at org.testng.TestNG.runSuitesLocally(TestNG.java:1134)
	at org.testng.TestNG.runSuites(TestNG.java:1063)
	at org.testng.TestNG.run(TestNG.java:1031)
	at org.testng.remote.AbstractRemoteTestNG.run(AbstractRemoteTestNG.java:115)
	at org.testng.remote.RemoteTestNG.initAndRun(RemoteTestNG.java:293)
	at org.testng.remote.RemoteTestNG.main(RemoteTestNG.java:91)
Caused by: java.lang.ClassNotFoundException: com.test.user.UserManagementModule.UserManagement_TC$18
	at java.base/jdk.internal.loader.BuiltinClassLoader.loadClass(BuiltinClassLoader.java:641)
	at java.base/jdk.internal.loader.ClassLoaders$AppClassLoader.loadClass(ClassLoaders.java:188)
	at java.base/java.lang.ClassLoader.loadClass(ClassLoader.java:525)
	... 27 more
</div></td></tr></table><p class="totop"><a href="#summary">back to summary</a></p>
<h3 id="m4">com.test.user.UserManagementModule.UserManagement_TC#Add_new_user_page_Enter_and_select_inputs_for_all_fields_except_role_dropdown_and_click_on_submit_button</h3><table class="result"><tr class="param"><th>Parameter #1</th></tr><tr class="param stripe"><td>{AlphabeticInputName=Mahalinga, AlphaNumericInputName=John1234, Branch=Indore I, Email=mahalinga@gmail.com, EmailWithoutDomain=kishan@, HeadOffice=Mumbai, InvalidEmailId=kishangmail.com, InvalidUserName=InvalidUser, Name=Simran, NumberEightDigits=90089257, NumberWithLetters=AbCd, NumericInputName=12345, OrganizationType=Head office, OrganizationType2=Zone/CO, OrganizationType3=Region, OrganizationType4=Branch, Phonenumber=8089889910, PwdOriginal=test@123, Region=Indore, Run=Yes, Testrole=NewrolePlaywright, TestScenario=User_UserManagment, UNOriginal=IBU0001195, UserManagementPageRole=Admin, UsernameInUNPage=IBU0001192, ZoneCo=Ahmedabad}</td></tr><tr><th>Exception</th></tr><tr><td><div class="stacktrace">java.lang.NoClassDefFoundError: com/test/user/UserManagementModule/UserManagement_TC$17
	at com.test.user.UserManagementModule.UserManagement_TC.Add_new_user_page_Enter_and_select_inputs_for_all_fields_except_role_dropdown_and_click_on_submit_button(UserManagement_TC.java:532)
	at java.base/jdk.internal.reflect.DirectMethodHandleAccessor.invoke(DirectMethodHandleAccessor.java:103)
	at java.base/java.lang.reflect.Method.invoke(Method.java:580)
	at org.testng.internal.MethodInvocationHelper.invokeMethod(MethodInvocationHelper.java:133)
	at org.testng.internal.TestInvoker.invokeMethod(TestInvoker.java:598)
	at org.testng.internal.TestInvoker.invokeTestMethod(TestInvoker.java:173)
	at org.testng.internal.MethodRunner.runInSequence(MethodRunner.java:46)
	at org.testng.internal.TestInvoker$MethodInvocationAgent.invoke(TestInvoker.java:824)
	at org.testng.internal.TestInvoker.invokeTestMethods(TestInvoker.java:146)
	at org.testng.internal.TestMethodWorker.invokeTestMethods(TestMethodWorker.java:146)
	at org.testng.internal.TestMethodWorker.run(TestMethodWorker.java:128)
	at java.base/java.util.ArrayList.forEach(ArrayList.java:1597)
	at org.testng.TestRunner.privateRun(TestRunner.java:794)
	at org.testng.TestRunner.run(TestRunner.java:596)
	at org.testng.SuiteRunner.runTest(SuiteRunner.java:377)
	at org.testng.SuiteRunner.runSequentially(SuiteRunner.java:371)
	at org.testng.SuiteRunner.privateRun(SuiteRunner.java:332)
	at org.testng.SuiteRunner.run(SuiteRunner.java:276)
	at org.testng.SuiteRunnerWorker.runSuite(SuiteRunnerWorker.java:53)
	at org.testng.SuiteRunnerWorker.run(SuiteRunnerWorker.java:96)
	at org.testng.TestNG.runSuitesSequentially(TestNG.java:1212)
	at org.testng.TestNG.runSuitesLocally(TestNG.java:1134)
	at org.testng.TestNG.runSuites(TestNG.java:1063)
	at org.testng.TestNG.run(TestNG.java:1031)
	at org.testng.remote.AbstractRemoteTestNG.run(AbstractRemoteTestNG.java:115)
	at org.testng.remote.RemoteTestNG.initAndRun(RemoteTestNG.java:293)
	at org.testng.remote.RemoteTestNG.main(RemoteTestNG.java:91)
Caused by: java.lang.ClassNotFoundException: com.test.user.UserManagementModule.UserManagement_TC$17
	at java.base/jdk.internal.loader.BuiltinClassLoader.loadClass(BuiltinClassLoader.java:641)
	at java.base/jdk.internal.loader.ClassLoaders$AppClassLoader.loadClass(ClassLoaders.java:188)
	at java.base/java.lang.ClassLoader.loadClass(ClassLoader.java:525)
	... 27 more
</div></td></tr></table><p class="totop"><a href="#summary">back to summary</a></p>
<h3 id="m5">com.test.user.UserManagementModule.UserManagement_TC#Add_new_user_page_Invalid_Email_Format</h3><table class="result"><tr class="param"><th>Parameter #1</th></tr><tr class="param stripe"><td>{AlphabeticInputName=Mahalinga, AlphaNumericInputName=John1234, Branch=Indore I, Email=mahalinga@gmail.com, EmailWithoutDomain=kishan@, HeadOffice=Mumbai, InvalidEmailId=kishangmail.com, InvalidUserName=InvalidUser, Name=Simran, NumberEightDigits=90089257, NumberWithLetters=AbCd, NumericInputName=12345, OrganizationType=Head office, OrganizationType2=Zone/CO, OrganizationType3=Region, OrganizationType4=Branch, Phonenumber=8089889910, PwdOriginal=test@123, Region=Indore, Run=Yes, Testrole=NewrolePlaywright, TestScenario=User_UserManagment, UNOriginal=IBU0001195, UserManagementPageRole=Admin, UsernameInUNPage=IBU0001192, ZoneCo=Ahmedabad}</td></tr><tr><th>Exception</th></tr><tr><td><div class="stacktrace">java.lang.Error: Unresolved compilation problem: 
	AddNewUserHeadOffice cannot be resolved to a variable

	at com.test.user.UserManagementModule.UserManagement_TC.Add_new_user_page_Invalid_Email_Format(UserManagement_TC.java:590)
	at java.base/jdk.internal.reflect.DirectMethodHandleAccessor.invoke(DirectMethodHandleAccessor.java:103)
	at java.base/java.lang.reflect.Method.invoke(Method.java:580)
	at org.testng.internal.MethodInvocationHelper.invokeMethod(MethodInvocationHelper.java:133)
	at org.testng.internal.TestInvoker.invokeMethod(TestInvoker.java:598)
	at org.testng.internal.TestInvoker.invokeTestMethod(TestInvoker.java:173)
	at org.testng.internal.MethodRunner.runInSequence(MethodRunner.java:46)
	at org.testng.internal.TestInvoker$MethodInvocationAgent.invoke(TestInvoker.java:824)
	at org.testng.internal.TestInvoker.invokeTestMethods(TestInvoker.java:146)
	at org.testng.internal.TestMethodWorker.invokeTestMethods(TestMethodWorker.java:146)
	at org.testng.internal.TestMethodWorker.run(TestMethodWorker.java:128)
	at java.base/java.util.ArrayList.forEach(ArrayList.java:1597)
	at org.testng.TestRunner.privateRun(TestRunner.java:794)
	at org.testng.TestRunner.run(TestRunner.java:596)
	at org.testng.SuiteRunner.runTest(SuiteRunner.java:377)
	at org.testng.SuiteRunner.runSequentially(SuiteRunner.java:371)
	at org.testng.SuiteRunner.privateRun(SuiteRunner.java:332)
	at org.testng.SuiteRunner.run(SuiteRunner.java:276)
	at org.testng.SuiteRunnerWorker.runSuite(SuiteRunnerWorker.java:53)
	at org.testng.SuiteRunnerWorker.run(SuiteRunnerWorker.java:96)
	at org.testng.TestNG.runSuitesSequentially(TestNG.java:1212)
	at org.testng.TestNG.runSuitesLocally(TestNG.java:1134)
	at org.testng.TestNG.runSuites(TestNG.java:1063)
	at org.testng.TestNG.run(TestNG.java:1031)
	at org.testng.remote.AbstractRemoteTestNG.run(AbstractRemoteTestNG.java:115)
	at org.testng.remote.RemoteTestNG.initAndRun(RemoteTestNG.java:293)
	at org.testng.remote.RemoteTestNG.main(RemoteTestNG.java:91)
</div></td></tr></table><p class="totop"><a href="#summary">back to summary</a></p>
<h3 id="m6">com.test.user.UserManagementModule.UserManagement_TC#Add_new_user_page_Organization_Type_Selection_as_Branch_Display_Head_office_and_Zone_CO_Region_and_Branch_dropdown_fields</h3><table class="result"><tr class="param"><th>Parameter #1</th></tr><tr class="param stripe"><td>{AlphabeticInputName=Mahalinga, AlphaNumericInputName=John1234, Branch=Indore I, Email=mahalinga@gmail.com, EmailWithoutDomain=kishan@, HeadOffice=Mumbai, InvalidEmailId=kishangmail.com, InvalidUserName=InvalidUser, Name=Simran, NumberEightDigits=90089257, NumberWithLetters=AbCd, NumericInputName=12345, OrganizationType=Head office, OrganizationType2=Zone/CO, OrganizationType3=Region, OrganizationType4=Branch, Phonenumber=8089889910, PwdOriginal=test@123, Region=Indore, Run=Yes, Testrole=NewrolePlaywright, TestScenario=User_UserManagment, UNOriginal=IBU0001195, UserManagementPageRole=Admin, UsernameInUNPage=IBU0001192, ZoneCo=Ahmedabad}</td></tr><tr><th>Exception</th></tr><tr><td><div class="stacktrace">java.lang.NullPointerException
	at java.base/java.util.Objects.requireNonNull(Objects.java:220)
	at org.openqa.selenium.support.ui.FluentWait.&lt;init&gt;(FluentWait.java:106)
	at org.openqa.selenium.support.ui.FluentWait.&lt;init&gt;(FluentWait.java:97)
	at com.BasePackage.Common.waitForSpinnerToDisappear(Common.java:44)
	at com.Pages_UserManagementModule.UserManagement_Page.SelectOrganizationTypeDropdown4(UserManagement_Page.java:257)
	at com.test.user.UserManagementModule.UserManagement_TC.Add_new_user_page_Organization_Type_Selection_as_Branch_Display_Head_office_and_Zone_CO_Region_and_Branch_dropdown_fields(UserManagement_TC.java:351)
	at java.base/jdk.internal.reflect.DirectMethodHandleAccessor.invoke(DirectMethodHandleAccessor.java:103)
	at java.base/java.lang.reflect.Method.invoke(Method.java:580)
	at org.testng.internal.MethodInvocationHelper.invokeMethod(MethodInvocationHelper.java:133)
	at org.testng.internal.TestInvoker.invokeMethod(TestInvoker.java:598)
	at org.testng.internal.TestInvoker.invokeTestMethod(TestInvoker.java:173)
	at org.testng.internal.MethodRunner.runInSequence(MethodRunner.java:46)
	at org.testng.internal.TestInvoker$MethodInvocationAgent.invoke(TestInvoker.java:824)
	at org.testng.internal.TestInvoker.invokeTestMethods(TestInvoker.java:146)
	at org.testng.internal.TestMethodWorker.invokeTestMethods(TestMethodWorker.java:146)
	at org.testng.internal.TestMethodWorker.run(TestMethodWorker.java:128)
	at java.base/java.util.ArrayList.forEach(ArrayList.java:1597)
	at org.testng.TestRunner.privateRun(TestRunner.java:794)
	at org.testng.TestRunner.run(TestRunner.java:596)
	at org.testng.SuiteRunner.runTest(SuiteRunner.java:377)
	at org.testng.SuiteRunner.runSequentially(SuiteRunner.java:371)
	at org.testng.SuiteRunner.privateRun(SuiteRunner.java:332)
	at org.testng.SuiteRunner.run(SuiteRunner.java:276)
	at org.testng.SuiteRunnerWorker.runSuite(SuiteRunnerWorker.java:53)
	at org.testng.SuiteRunnerWorker.run(SuiteRunnerWorker.java:96)
	at org.testng.TestNG.runSuitesSequentially(TestNG.java:1212)
	at org.testng.TestNG.runSuitesLocally(TestNG.java:1134)
	at org.testng.TestNG.runSuites(TestNG.java:1063)
	at org.testng.TestNG.run(TestNG.java:1031)
	at org.testng.remote.AbstractRemoteTestNG.run(AbstractRemoteTestNG.java:115)
	at org.testng.remote.RemoteTestNG.initAndRun(RemoteTestNG.java:293)
	at org.testng.remote.RemoteTestNG.main(RemoteTestNG.java:91)
</div></td></tr></table><p class="totop"><a href="#summary">back to summary</a></p>
<h3 id="m7">com.test.user.UserManagementModule.UserManagement_TC#Add_new_user_page_Organization_Type_Selection_as_Head_office_Display_Head_Office_Dropdown</h3><table class="result"><tr class="param"><th>Parameter #1</th></tr><tr class="param stripe"><td>{AlphabeticInputName=Mahalinga, AlphaNumericInputName=John1234, Branch=Indore I, Email=mahalinga@gmail.com, EmailWithoutDomain=kishan@, HeadOffice=Mumbai, InvalidEmailId=kishangmail.com, InvalidUserName=InvalidUser, Name=Simran, NumberEightDigits=90089257, NumberWithLetters=AbCd, NumericInputName=12345, OrganizationType=Head office, OrganizationType2=Zone/CO, OrganizationType3=Region, OrganizationType4=Branch, Phonenumber=8089889910, PwdOriginal=test@123, Region=Indore, Run=Yes, Testrole=NewrolePlaywright, TestScenario=User_UserManagment, UNOriginal=IBU0001195, UserManagementPageRole=Admin, UsernameInUNPage=IBU0001192, ZoneCo=Ahmedabad}</td></tr><tr><th>Exception</th></tr><tr><td><div class="stacktrace">java.lang.NullPointerException
	at java.base/java.util.Objects.requireNonNull(Objects.java:220)
	at org.openqa.selenium.support.ui.FluentWait.&lt;init&gt;(FluentWait.java:106)
	at org.openqa.selenium.support.ui.FluentWait.&lt;init&gt;(FluentWait.java:97)
	at com.BasePackage.Common.waitForSpinnerToDisappear(Common.java:44)
	at com.Pages_UserManagementModule.UserManagement_Page.SelectOrganizationTypeDropdown(UserManagement_Page.java:234)
	at com.test.user.UserManagementModule.UserManagement_TC.Add_new_user_page_Organization_Type_Selection_as_Head_office_Display_Head_Office_Dropdown(UserManagement_TC.java:274)
	at java.base/jdk.internal.reflect.DirectMethodHandleAccessor.invoke(DirectMethodHandleAccessor.java:103)
	at java.base/java.lang.reflect.Method.invoke(Method.java:580)
	at org.testng.internal.MethodInvocationHelper.invokeMethod(MethodInvocationHelper.java:133)
	at org.testng.internal.TestInvoker.invokeMethod(TestInvoker.java:598)
	at org.testng.internal.TestInvoker.invokeTestMethod(TestInvoker.java:173)
	at org.testng.internal.MethodRunner.runInSequence(MethodRunner.java:46)
	at org.testng.internal.TestInvoker$MethodInvocationAgent.invoke(TestInvoker.java:824)
	at org.testng.internal.TestInvoker.invokeTestMethods(TestInvoker.java:146)
	at org.testng.internal.TestMethodWorker.invokeTestMethods(TestMethodWorker.java:146)
	at org.testng.internal.TestMethodWorker.run(TestMethodWorker.java:128)
	at java.base/java.util.ArrayList.forEach(ArrayList.java:1597)
	at org.testng.TestRunner.privateRun(TestRunner.java:794)
	at org.testng.TestRunner.run(TestRunner.java:596)
	at org.testng.SuiteRunner.runTest(SuiteRunner.java:377)
	at org.testng.SuiteRunner.runSequentially(SuiteRunner.java:371)
	at org.testng.SuiteRunner.privateRun(SuiteRunner.java:332)
	at org.testng.SuiteRunner.run(SuiteRunner.java:276)
	at org.testng.SuiteRunnerWorker.runSuite(SuiteRunnerWorker.java:53)
	at org.testng.SuiteRunnerWorker.run(SuiteRunnerWorker.java:96)
	at org.testng.TestNG.runSuitesSequentially(TestNG.java:1212)
	at org.testng.TestNG.runSuitesLocally(TestNG.java:1134)
	at org.testng.TestNG.runSuites(TestNG.java:1063)
	at org.testng.TestNG.run(TestNG.java:1031)
	at org.testng.remote.AbstractRemoteTestNG.run(AbstractRemoteTestNG.java:115)
	at org.testng.remote.RemoteTestNG.initAndRun(RemoteTestNG.java:293)
	at org.testng.remote.RemoteTestNG.main(RemoteTestNG.java:91)
</div></td></tr></table><p class="totop"><a href="#summary">back to summary</a></p>
<h3 id="m8">com.test.user.UserManagementModule.UserManagement_TC#Add_new_user_page_Organization_Type_Selection_as_Region_Display_Head_office_and_Zone_CO_Region_dropdown_fields</h3><table class="result"><tr class="param"><th>Parameter #1</th></tr><tr class="param stripe"><td>{AlphabeticInputName=Mahalinga, AlphaNumericInputName=John1234, Branch=Indore I, Email=mahalinga@gmail.com, EmailWithoutDomain=kishan@, HeadOffice=Mumbai, InvalidEmailId=kishangmail.com, InvalidUserName=InvalidUser, Name=Simran, NumberEightDigits=90089257, NumberWithLetters=AbCd, NumericInputName=12345, OrganizationType=Head office, OrganizationType2=Zone/CO, OrganizationType3=Region, OrganizationType4=Branch, Phonenumber=8089889910, PwdOriginal=test@123, Region=Indore, Run=Yes, Testrole=NewrolePlaywright, TestScenario=User_UserManagment, UNOriginal=IBU0001195, UserManagementPageRole=Admin, UsernameInUNPage=IBU0001192, ZoneCo=Ahmedabad}</td></tr><tr><th>Exception</th></tr><tr><td><div class="stacktrace">java.lang.NullPointerException
	at java.base/java.util.Objects.requireNonNull(Objects.java:220)
	at org.openqa.selenium.support.ui.FluentWait.&lt;init&gt;(FluentWait.java:106)
	at org.openqa.selenium.support.ui.FluentWait.&lt;init&gt;(FluentWait.java:97)
	at com.BasePackage.Common.waitForSpinnerToDisappear(Common.java:44)
	at com.Pages_UserManagementModule.UserManagement_Page.SelectOrganizationTypeDropdown3(UserManagement_Page.java:250)
	at com.test.user.UserManagementModule.UserManagement_TC.Add_new_user_page_Organization_Type_Selection_as_Region_Display_Head_office_and_Zone_CO_Region_dropdown_fields(UserManagement_TC.java:321)
	at java.base/jdk.internal.reflect.DirectMethodHandleAccessor.invoke(DirectMethodHandleAccessor.java:103)
	at java.base/java.lang.reflect.Method.invoke(Method.java:580)
	at org.testng.internal.MethodInvocationHelper.invokeMethod(MethodInvocationHelper.java:133)
	at org.testng.internal.TestInvoker.invokeMethod(TestInvoker.java:598)
	at org.testng.internal.TestInvoker.invokeTestMethod(TestInvoker.java:173)
	at org.testng.internal.MethodRunner.runInSequence(MethodRunner.java:46)
	at org.testng.internal.TestInvoker$MethodInvocationAgent.invoke(TestInvoker.java:824)
	at org.testng.internal.TestInvoker.invokeTestMethods(TestInvoker.java:146)
	at org.testng.internal.TestMethodWorker.invokeTestMethods(TestMethodWorker.java:146)
	at org.testng.internal.TestMethodWorker.run(TestMethodWorker.java:128)
	at java.base/java.util.ArrayList.forEach(ArrayList.java:1597)
	at org.testng.TestRunner.privateRun(TestRunner.java:794)
	at org.testng.TestRunner.run(TestRunner.java:596)
	at org.testng.SuiteRunner.runTest(SuiteRunner.java:377)
	at org.testng.SuiteRunner.runSequentially(SuiteRunner.java:371)
	at org.testng.SuiteRunner.privateRun(SuiteRunner.java:332)
	at org.testng.SuiteRunner.run(SuiteRunner.java:276)
	at org.testng.SuiteRunnerWorker.runSuite(SuiteRunnerWorker.java:53)
	at org.testng.SuiteRunnerWorker.run(SuiteRunnerWorker.java:96)
	at org.testng.TestNG.runSuitesSequentially(TestNG.java:1212)
	at org.testng.TestNG.runSuitesLocally(TestNG.java:1134)
	at org.testng.TestNG.runSuites(TestNG.java:1063)
	at org.testng.TestNG.run(TestNG.java:1031)
	at org.testng.remote.AbstractRemoteTestNG.run(AbstractRemoteTestNG.java:115)
	at org.testng.remote.RemoteTestNG.initAndRun(RemoteTestNG.java:293)
	at org.testng.remote.RemoteTestNG.main(RemoteTestNG.java:91)
</div></td></tr></table><p class="totop"><a href="#summary">back to summary</a></p>
<h3 id="m9">com.test.user.UserManagementModule.UserManagement_TC#Add_new_user_page_Organization_Type_Selection_as_Zone_Co_Display_Head_office_and_Zone_CO_dropdown_fields</h3><table class="result"><tr class="param"><th>Parameter #1</th></tr><tr class="param stripe"><td>{AlphabeticInputName=Mahalinga, AlphaNumericInputName=John1234, Branch=Indore I, Email=mahalinga@gmail.com, EmailWithoutDomain=kishan@, HeadOffice=Mumbai, InvalidEmailId=kishangmail.com, InvalidUserName=InvalidUser, Name=Simran, NumberEightDigits=90089257, NumberWithLetters=AbCd, NumericInputName=12345, OrganizationType=Head office, OrganizationType2=Zone/CO, OrganizationType3=Region, OrganizationType4=Branch, Phonenumber=8089889910, PwdOriginal=test@123, Region=Indore, Run=Yes, Testrole=NewrolePlaywright, TestScenario=User_UserManagment, UNOriginal=IBU0001195, UserManagementPageRole=Admin, UsernameInUNPage=IBU0001192, ZoneCo=Ahmedabad}</td></tr><tr><th>Exception</th></tr><tr><td><div class="stacktrace">java.lang.NullPointerException
	at java.base/java.util.Objects.requireNonNull(Objects.java:220)
	at org.openqa.selenium.support.ui.FluentWait.&lt;init&gt;(FluentWait.java:106)
	at org.openqa.selenium.support.ui.FluentWait.&lt;init&gt;(FluentWait.java:97)
	at com.BasePackage.Common.waitForSpinnerToDisappear(Common.java:44)
	at com.Pages_UserManagementModule.UserManagement_Page.SelectOrganizationTypeDropdown2(UserManagement_Page.java:243)
	at com.test.user.UserManagementModule.UserManagement_TC.Add_new_user_page_Organization_Type_Selection_as_Zone_Co_Display_Head_office_and_Zone_CO_dropdown_fields(UserManagement_TC.java:295)
	at java.base/jdk.internal.reflect.DirectMethodHandleAccessor.invoke(DirectMethodHandleAccessor.java:103)
	at java.base/java.lang.reflect.Method.invoke(Method.java:580)
	at org.testng.internal.MethodInvocationHelper.invokeMethod(MethodInvocationHelper.java:133)
	at org.testng.internal.TestInvoker.invokeMethod(TestInvoker.java:598)
	at org.testng.internal.TestInvoker.invokeTestMethod(TestInvoker.java:173)
	at org.testng.internal.MethodRunner.runInSequence(MethodRunner.java:46)
	at org.testng.internal.TestInvoker$MethodInvocationAgent.invoke(TestInvoker.java:824)
	at org.testng.internal.TestInvoker.invokeTestMethods(TestInvoker.java:146)
	at org.testng.internal.TestMethodWorker.invokeTestMethods(TestMethodWorker.java:146)
	at org.testng.internal.TestMethodWorker.run(TestMethodWorker.java:128)
	at java.base/java.util.ArrayList.forEach(ArrayList.java:1597)
	at org.testng.TestRunner.privateRun(TestRunner.java:794)
	at org.testng.TestRunner.run(TestRunner.java:596)
	at org.testng.SuiteRunner.runTest(SuiteRunner.java:377)
	at org.testng.SuiteRunner.runSequentially(SuiteRunner.java:371)
	at org.testng.SuiteRunner.privateRun(SuiteRunner.java:332)
	at org.testng.SuiteRunner.run(SuiteRunner.java:276)
	at org.testng.SuiteRunnerWorker.runSuite(SuiteRunnerWorker.java:53)
	at org.testng.SuiteRunnerWorker.run(SuiteRunnerWorker.java:96)
	at org.testng.TestNG.runSuitesSequentially(TestNG.java:1212)
	at org.testng.TestNG.runSuitesLocally(TestNG.java:1134)
	at org.testng.TestNG.runSuites(TestNG.java:1063)
	at org.testng.TestNG.run(TestNG.java:1031)
	at org.testng.remote.AbstractRemoteTestNG.run(AbstractRemoteTestNG.java:115)
	at org.testng.remote.RemoteTestNG.initAndRun(RemoteTestNG.java:293)
	at org.testng.remote.RemoteTestNG.main(RemoteTestNG.java:91)
</div></td></tr></table><p class="totop"><a href="#summary">back to summary</a></p>
<h3 id="m10">com.test.user.UserManagementModule.UserManagement_TC#Add_new_user_page_Submit_Without_Inputs</h3><table class="result"><tr class="param"><th>Parameter #1</th></tr><tr class="param stripe"><td>{AlphabeticInputName=Mahalinga, AlphaNumericInputName=John1234, Branch=Indore I, Email=mahalinga@gmail.com, EmailWithoutDomain=kishan@, HeadOffice=Mumbai, InvalidEmailId=kishangmail.com, InvalidUserName=InvalidUser, Name=Simran, NumberEightDigits=90089257, NumberWithLetters=AbCd, NumericInputName=12345, OrganizationType=Head office, OrganizationType2=Zone/CO, OrganizationType3=Region, OrganizationType4=Branch, Phonenumber=8089889910, PwdOriginal=test@123, Region=Indore, Run=Yes, Testrole=NewrolePlaywright, TestScenario=User_UserManagment, UNOriginal=IBU0001195, UserManagementPageRole=Admin, UsernameInUNPage=IBU0001192, ZoneCo=Ahmedabad}</td></tr><tr><th>Exception</th></tr><tr><td><div class="stacktrace">java.lang.NoClassDefFoundError: com/test/user/UserManagementModule/UserManagement_TC$13
	at com.test.user.UserManagementModule.UserManagement_TC.Add_new_user_page_Submit_Without_Inputs(UserManagement_TC.java:394)
	at java.base/jdk.internal.reflect.DirectMethodHandleAccessor.invoke(DirectMethodHandleAccessor.java:103)
	at java.base/java.lang.reflect.Method.invoke(Method.java:580)
	at org.testng.internal.MethodInvocationHelper.invokeMethod(MethodInvocationHelper.java:133)
	at org.testng.internal.TestInvoker.invokeMethod(TestInvoker.java:598)
	at org.testng.internal.TestInvoker.invokeTestMethod(TestInvoker.java:173)
	at org.testng.internal.MethodRunner.runInSequence(MethodRunner.java:46)
	at org.testng.internal.TestInvoker$MethodInvocationAgent.invoke(TestInvoker.java:824)
	at org.testng.internal.TestInvoker.invokeTestMethods(TestInvoker.java:146)
	at org.testng.internal.TestMethodWorker.invokeTestMethods(TestMethodWorker.java:146)
	at org.testng.internal.TestMethodWorker.run(TestMethodWorker.java:128)
	at java.base/java.util.ArrayList.forEach(ArrayList.java:1597)
	at org.testng.TestRunner.privateRun(TestRunner.java:794)
	at org.testng.TestRunner.run(TestRunner.java:596)
	at org.testng.SuiteRunner.runTest(SuiteRunner.java:377)
	at org.testng.SuiteRunner.runSequentially(SuiteRunner.java:371)
	at org.testng.SuiteRunner.privateRun(SuiteRunner.java:332)
	at org.testng.SuiteRunner.run(SuiteRunner.java:276)
	at org.testng.SuiteRunnerWorker.runSuite(SuiteRunnerWorker.java:53)
	at org.testng.SuiteRunnerWorker.run(SuiteRunnerWorker.java:96)
	at org.testng.TestNG.runSuitesSequentially(TestNG.java:1212)
	at org.testng.TestNG.runSuitesLocally(TestNG.java:1134)
	at org.testng.TestNG.runSuites(TestNG.java:1063)
	at org.testng.TestNG.run(TestNG.java:1031)
	at org.testng.remote.AbstractRemoteTestNG.run(AbstractRemoteTestNG.java:115)
	at org.testng.remote.RemoteTestNG.initAndRun(RemoteTestNG.java:293)
	at org.testng.remote.RemoteTestNG.main(RemoteTestNG.java:91)
Caused by: java.lang.ClassNotFoundException: com.test.user.UserManagementModule.UserManagement_TC$13
	at java.base/jdk.internal.loader.BuiltinClassLoader.loadClass(BuiltinClassLoader.java:641)
	at java.base/jdk.internal.loader.ClassLoaders$AppClassLoader.loadClass(ClassLoaders.java:188)
	at java.base/java.lang.ClassLoader.loadClass(ClassLoader.java:525)
	... 27 more
</div></td></tr></table><p class="totop"><a href="#summary">back to summary</a></p>
<h3 id="m11">com.test.user.UserManagementModule.UserManagement_TC#Test_Redirect_to_Add_New_User_Page</h3><table class="result"><tr><th>Exception</th></tr><tr><td><div class="stacktrace">java.lang.NullPointerException
	at java.base/java.util.Objects.requireNonNull(Objects.java:220)
	at org.openqa.selenium.support.ui.FluentWait.&lt;init&gt;(FluentWait.java:106)
	at org.openqa.selenium.support.ui.FluentWait.&lt;init&gt;(FluentWait.java:97)
	at com.BasePackage.Common.waitForSpinnerToDisappear(Common.java:44)
	at com.Pages_UserManagementModule.UserManagement_Page.ClickUserManagementPageAddUserBtn(UserManagement_Page.java:179)
	at com.test.user.UserManagementModule.UserManagement_TC.Test_Redirect_to_Add_New_User_Page(UserManagement_TC.java:208)
	at java.base/jdk.internal.reflect.DirectMethodHandleAccessor.invoke(DirectMethodHandleAccessor.java:103)
	at java.base/java.lang.reflect.Method.invoke(Method.java:580)
	at org.testng.internal.MethodInvocationHelper.invokeMethod(MethodInvocationHelper.java:133)
	at org.testng.internal.TestInvoker.invokeMethod(TestInvoker.java:598)
	at org.testng.internal.TestInvoker.invokeTestMethod(TestInvoker.java:173)
	at org.testng.internal.MethodRunner.runInSequence(MethodRunner.java:46)
	at org.testng.internal.TestInvoker$MethodInvocationAgent.invoke(TestInvoker.java:824)
	at org.testng.internal.TestInvoker.invokeTestMethods(TestInvoker.java:146)
	at org.testng.internal.TestMethodWorker.invokeTestMethods(TestMethodWorker.java:146)
	at org.testng.internal.TestMethodWorker.run(TestMethodWorker.java:128)
	at java.base/java.util.ArrayList.forEach(ArrayList.java:1597)
	at org.testng.TestRunner.privateRun(TestRunner.java:794)
	at org.testng.TestRunner.run(TestRunner.java:596)
	at org.testng.SuiteRunner.runTest(SuiteRunner.java:377)
	at org.testng.SuiteRunner.runSequentially(SuiteRunner.java:371)
	at org.testng.SuiteRunner.privateRun(SuiteRunner.java:332)
	at org.testng.SuiteRunner.run(SuiteRunner.java:276)
	at org.testng.SuiteRunnerWorker.runSuite(SuiteRunnerWorker.java:53)
	at org.testng.SuiteRunnerWorker.run(SuiteRunnerWorker.java:96)
	at org.testng.TestNG.runSuitesSequentially(TestNG.java:1212)
	at org.testng.TestNG.runSuitesLocally(TestNG.java:1134)
	at org.testng.TestNG.runSuites(TestNG.java:1063)
	at org.testng.TestNG.run(TestNG.java:1031)
	at org.testng.remote.AbstractRemoteTestNG.run(AbstractRemoteTestNG.java:115)
	at org.testng.remote.RemoteTestNG.initAndRun(RemoteTestNG.java:293)
	at org.testng.remote.RemoteTestNG.main(RemoteTestNG.java:91)
</div></td></tr></table><p class="totop"><a href="#summary">back to summary</a></p>
<h3 id="m12">com.test.user.UserManagementModule.UserManagement_TC#User_search_page_Pagination_of_Active_users_Last_page_button_functionality_and_data_checking</h3><table class="result"><tr><th>Exception</th></tr><tr><td><div class="stacktrace">java.lang.NullPointerException
	at java.base/java.util.Objects.requireNonNull(Objects.java:220)
	at org.openqa.selenium.support.ui.FluentWait.&lt;init&gt;(FluentWait.java:106)
	at org.openqa.selenium.support.ui.FluentWait.&lt;init&gt;(FluentWait.java:97)
	at com.BasePackage.Common.waitForSpinnerToDisappear(Common.java:44)
	at com.Pages_UserManagementModule.UserManagement_Page.ClickUserManagementLastArrowBtn(UserManagement_Page.java:152)
	at com.test.user.UserManagementModule.UserManagement_TC.User_search_page_Pagination_of_Active_users_Last_page_button_functionality_and_data_checking(UserManagement_TC.java:179)
	at java.base/jdk.internal.reflect.DirectMethodHandleAccessor.invoke(DirectMethodHandleAccessor.java:103)
	at java.base/java.lang.reflect.Method.invoke(Method.java:580)
	at org.testng.internal.MethodInvocationHelper.invokeMethod(MethodInvocationHelper.java:133)
	at org.testng.internal.TestInvoker.invokeMethod(TestInvoker.java:598)
	at org.testng.internal.TestInvoker.invokeTestMethod(TestInvoker.java:173)
	at org.testng.internal.MethodRunner.runInSequence(MethodRunner.java:46)
	at org.testng.internal.TestInvoker$MethodInvocationAgent.invoke(TestInvoker.java:824)
	at org.testng.internal.TestInvoker.invokeTestMethods(TestInvoker.java:146)
	at org.testng.internal.TestMethodWorker.invokeTestMethods(TestMethodWorker.java:146)
	at org.testng.internal.TestMethodWorker.run(TestMethodWorker.java:128)
	at java.base/java.util.ArrayList.forEach(ArrayList.java:1597)
	at org.testng.TestRunner.privateRun(TestRunner.java:794)
	at org.testng.TestRunner.run(TestRunner.java:596)
	at org.testng.SuiteRunner.runTest(SuiteRunner.java:377)
	at org.testng.SuiteRunner.runSequentially(SuiteRunner.java:371)
	at org.testng.SuiteRunner.privateRun(SuiteRunner.java:332)
	at org.testng.SuiteRunner.run(SuiteRunner.java:276)
	at org.testng.SuiteRunnerWorker.runSuite(SuiteRunnerWorker.java:53)
	at org.testng.SuiteRunnerWorker.run(SuiteRunnerWorker.java:96)
	at org.testng.TestNG.runSuitesSequentially(TestNG.java:1212)
	at org.testng.TestNG.runSuitesLocally(TestNG.java:1134)
	at org.testng.TestNG.runSuites(TestNG.java:1063)
	at org.testng.TestNG.run(TestNG.java:1031)
	at org.testng.remote.AbstractRemoteTestNG.run(AbstractRemoteTestNG.java:115)
	at org.testng.remote.RemoteTestNG.initAndRun(RemoteTestNG.java:293)
	at org.testng.remote.RemoteTestNG.main(RemoteTestNG.java:91)
</div></td></tr></table><p class="totop"><a href="#summary">back to summary</a></p>
<h3 id="m13">com.test.user.UserManagementModule.UserManagement_TC#User_search_page_Pagination_of_Active_users_Previous_page_button_functionality_and_data_checking</h3><table class="result"><tr><th>Exception</th></tr><tr><td><div class="stacktrace">java.lang.NullPointerException
	at java.base/java.util.Objects.requireNonNull(Objects.java:220)
	at org.openqa.selenium.support.ui.FluentWait.&lt;init&gt;(FluentWait.java:106)
	at org.openqa.selenium.support.ui.FluentWait.&lt;init&gt;(FluentWait.java:97)
	at com.BasePackage.Common.waitForSpinnerToDisappear(Common.java:44)
	at com.Pages_UserManagementModule.UserManagement_Page.ClickUserManagementPreviousArrowBtn(UserManagement_Page.java:170)
	at com.test.user.UserManagementModule.UserManagement_TC.User_search_page_Pagination_of_Active_users_Previous_page_button_functionality_and_data_checking(UserManagement_TC.java:194)
	at java.base/jdk.internal.reflect.DirectMethodHandleAccessor.invoke(DirectMethodHandleAccessor.java:103)
	at java.base/java.lang.reflect.Method.invoke(Method.java:580)
	at org.testng.internal.MethodInvocationHelper.invokeMethod(MethodInvocationHelper.java:133)
	at org.testng.internal.TestInvoker.invokeMethod(TestInvoker.java:598)
	at org.testng.internal.TestInvoker.invokeTestMethod(TestInvoker.java:173)
	at org.testng.internal.MethodRunner.runInSequence(MethodRunner.java:46)
	at org.testng.internal.TestInvoker$MethodInvocationAgent.invoke(TestInvoker.java:824)
	at org.testng.internal.TestInvoker.invokeTestMethods(TestInvoker.java:146)
	at org.testng.internal.TestMethodWorker.invokeTestMethods(TestMethodWorker.java:146)
	at org.testng.internal.TestMethodWorker.run(TestMethodWorker.java:128)
	at java.base/java.util.ArrayList.forEach(ArrayList.java:1597)
	at org.testng.TestRunner.privateRun(TestRunner.java:794)
	at org.testng.TestRunner.run(TestRunner.java:596)
	at org.testng.SuiteRunner.runTest(SuiteRunner.java:377)
	at org.testng.SuiteRunner.runSequentially(SuiteRunner.java:371)
	at org.testng.SuiteRunner.privateRun(SuiteRunner.java:332)
	at org.testng.SuiteRunner.run(SuiteRunner.java:276)
	at org.testng.SuiteRunnerWorker.runSuite(SuiteRunnerWorker.java:53)
	at org.testng.SuiteRunnerWorker.run(SuiteRunnerWorker.java:96)
	at org.testng.TestNG.runSuitesSequentially(TestNG.java:1212)
	at org.testng.TestNG.runSuitesLocally(TestNG.java:1134)
	at org.testng.TestNG.runSuites(TestNG.java:1063)
	at org.testng.TestNG.run(TestNG.java:1031)
	at org.testng.remote.AbstractRemoteTestNG.run(AbstractRemoteTestNG.java:115)
	at org.testng.remote.RemoteTestNG.initAndRun(RemoteTestNG.java:293)
	at org.testng.remote.RemoteTestNG.main(RemoteTestNG.java:91)
</div></td></tr></table><p class="totop"><a href="#summary">back to summary</a></p>
<h3 id="m14">com.test.user.UserManagementModule.UserManagement_TC#User_search_page_Pagination_of_Active_users_Second_page_button_functionality_and_data_checking</h3><table class="result"><tr><th>Exception</th></tr><tr><td><div class="stacktrace">java.lang.NullPointerException
	at java.base/java.util.Objects.requireNonNull(Objects.java:220)
	at org.openqa.selenium.support.ui.FluentWait.&lt;init&gt;(FluentWait.java:106)
	at org.openqa.selenium.support.ui.FluentWait.&lt;init&gt;(FluentWait.java:97)
	at com.BasePackage.Common.waitForSpinnerToDisappear(Common.java:44)
	at com.Pages_UserManagementModule.UserManagement_Page.ClickUserManagementSecondPageBtn(UserManagement_Page.java:161)
	at com.test.user.UserManagementModule.UserManagement_TC.User_search_page_Pagination_of_Active_users_Second_page_button_functionality_and_data_checking(UserManagement_TC.java:162)
	at java.base/jdk.internal.reflect.DirectMethodHandleAccessor.invoke(DirectMethodHandleAccessor.java:103)
	at java.base/java.lang.reflect.Method.invoke(Method.java:580)
	at org.testng.internal.MethodInvocationHelper.invokeMethod(MethodInvocationHelper.java:133)
	at org.testng.internal.TestInvoker.invokeMethod(TestInvoker.java:598)
	at org.testng.internal.TestInvoker.invokeTestMethod(TestInvoker.java:173)
	at org.testng.internal.MethodRunner.runInSequence(MethodRunner.java:46)
	at org.testng.internal.TestInvoker$MethodInvocationAgent.invoke(TestInvoker.java:824)
	at org.testng.internal.TestInvoker.invokeTestMethods(TestInvoker.java:146)
	at org.testng.internal.TestMethodWorker.invokeTestMethods(TestMethodWorker.java:146)
	at org.testng.internal.TestMethodWorker.run(TestMethodWorker.java:128)
	at java.base/java.util.ArrayList.forEach(ArrayList.java:1597)
	at org.testng.TestRunner.privateRun(TestRunner.java:794)
	at org.testng.TestRunner.run(TestRunner.java:596)
	at org.testng.SuiteRunner.runTest(SuiteRunner.java:377)
	at org.testng.SuiteRunner.runSequentially(SuiteRunner.java:371)
	at org.testng.SuiteRunner.privateRun(SuiteRunner.java:332)
	at org.testng.SuiteRunner.run(SuiteRunner.java:276)
	at org.testng.SuiteRunnerWorker.runSuite(SuiteRunnerWorker.java:53)
	at org.testng.SuiteRunnerWorker.run(SuiteRunnerWorker.java:96)
	at org.testng.TestNG.runSuitesSequentially(TestNG.java:1212)
	at org.testng.TestNG.runSuitesLocally(TestNG.java:1134)
	at org.testng.TestNG.runSuites(TestNG.java:1063)
	at org.testng.TestNG.run(TestNG.java:1031)
	at org.testng.remote.AbstractRemoteTestNG.run(AbstractRemoteTestNG.java:115)
	at org.testng.remote.RemoteTestNG.initAndRun(RemoteTestNG.java:293)
	at org.testng.remote.RemoteTestNG.main(RemoteTestNG.java:91)
</div></td></tr></table><p class="totop"><a href="#summary">back to summary</a></p>
<h3 id="m15">com.test.user.UserManagementModule.UserManagement_TC#User_search_page__Default_State_of_IsActive_Checkbox</h3><table class="result"><tr><th>Exception</th></tr><tr><td><div class="stacktrace">java.lang.NullPointerException: Cannot invoke &quot;org.openqa.selenium.WebDriver.findElement(org.openqa.selenium.By)&quot; because &quot;this.driver&quot; is null
	at com.Pages_UserManagementModule.UserManagement_Page.isIsActiveCheckboxSelectedOrNot(UserManagement_Page.java:109)
	at com.test.user.UserManagementModule.UserManagement_TC.User_search_page__Default_State_of_IsActive_Checkbox(UserManagement_TC.java:108)
	at java.base/jdk.internal.reflect.DirectMethodHandleAccessor.invoke(DirectMethodHandleAccessor.java:103)
	at java.base/java.lang.reflect.Method.invoke(Method.java:580)
	at org.testng.internal.MethodInvocationHelper.invokeMethod(MethodInvocationHelper.java:133)
	at org.testng.internal.TestInvoker.invokeMethod(TestInvoker.java:598)
	at org.testng.internal.TestInvoker.invokeTestMethod(TestInvoker.java:173)
	at org.testng.internal.MethodRunner.runInSequence(MethodRunner.java:46)
	at org.testng.internal.TestInvoker$MethodInvocationAgent.invoke(TestInvoker.java:824)
	at org.testng.internal.TestInvoker.invokeTestMethods(TestInvoker.java:146)
	at org.testng.internal.TestMethodWorker.invokeTestMethods(TestMethodWorker.java:146)
	at org.testng.internal.TestMethodWorker.run(TestMethodWorker.java:128)
	at java.base/java.util.ArrayList.forEach(ArrayList.java:1597)
	at org.testng.TestRunner.privateRun(TestRunner.java:794)
	at org.testng.TestRunner.run(TestRunner.java:596)
	at org.testng.SuiteRunner.runTest(SuiteRunner.java:377)
	at org.testng.SuiteRunner.runSequentially(SuiteRunner.java:371)
	at org.testng.SuiteRunner.privateRun(SuiteRunner.java:332)
	at org.testng.SuiteRunner.run(SuiteRunner.java:276)
	at org.testng.SuiteRunnerWorker.runSuite(SuiteRunnerWorker.java:53)
	at org.testng.SuiteRunnerWorker.run(SuiteRunnerWorker.java:96)
	at org.testng.TestNG.runSuitesSequentially(TestNG.java:1212)
	at org.testng.TestNG.runSuitesLocally(TestNG.java:1134)
	at org.testng.TestNG.runSuites(TestNG.java:1063)
	at org.testng.TestNG.run(TestNG.java:1031)
	at org.testng.remote.AbstractRemoteTestNG.run(AbstractRemoteTestNG.java:115)
	at org.testng.remote.RemoteTestNG.initAndRun(RemoteTestNG.java:293)
	at org.testng.remote.RemoteTestNG.main(RemoteTestNG.java:91)
</div></td></tr></table><p class="totop"><a href="#summary">back to summary</a></p>
<h3 id="m16">com.test.user.UserManagementModule.UserManagement_TC#Navigation_to_User_Management_Page</h3><table class="result"><tr><th class="invisible"/></tr></table><p class="totop"><a href="#summary">back to summary</a></p>
<h3 id="m17">com.test.user.UserManagementModule.UserManagement_TC#Page_redirects_to_Add_New_User_page_showing_Name_Email_Phone_number_fields_Role_and_Organization_Type_dropdowns_Close_and_Submit_buttons_are_visible</h3><table class="result"><tr><th class="invisible"/></tr></table><p class="totop"><a href="#summary">back to summary</a></p>
<h3 id="m18">com.test.user.UserManagementModule.UserManagement_TC#User_search_page__Pagination_of_Active_users</h3><table class="result"><tr><th class="invisible"/></tr></table><p class="totop"><a href="#summary">back to summary</a></p>
</body>
</html>
