<!DOCTYPE html>

<html>
  <head>
  <meta charset='utf-8'>
  <title>TestNG reports</title>

    <link type="text/css" href="testng-reports1.css" rel="stylesheet" id="ultra" />
    <link type="text/css" href="testng-reports.css" rel="stylesheet" id="retro" disabled="false"/>
    <script type="text/javascript" src="jquery.min.js"></script>
    <script type="text/javascript" src="testng-reports.js"></script>
    <script type="text/javascript" src="https://www.google.com/jsapi"></script>
    <script type='text/javascript'>
      google.load('visualization', '1', {packages:['table']});
      google.setOnLoadCallback(drawTable);
      var suiteTableInitFunctions = new Array();
      var suiteTableData = new Array();
    </script>
    <!--
      <script type="text/javascript" src="jquery-ui/js/jquery-ui-1.8.16.custom.min.js"></script>
     -->
  </head>

  <body>
    <div class="top-banner-root">
      <span class="top-banner-title-font">Test results</span>
      <button id="button" class="button">Switch Retro Theme</button> <!-- button -->
      <br/>
      <span class="top-banner-font-1">1 suite, 16 failed tests</span>
    </div> <!-- top-banner-root -->
    <div class="navigator-root">
      <div class="navigator-suite-header">
        <span>All suites</span>
        <a href="#" title="Collapse/expand all the suites" class="collapse-all-link">
          <img src="collapseall.gif" class="collapse-all-icon">
          </img> <!-- collapse-all-icon -->
        </a> <!-- collapse-all-link -->
      </div> <!-- navigator-suite-header -->
      <div class="suite">
        <div class="rounded-window">
          <div class="suite-header light-rounded-window-top">
            <a href="#" panel-name="suite-Default_suite" class="navigator-link">
              <span class="suite-name border-failed">Default suite</span>
            </a> <!-- navigator-link -->
          </div> <!-- suite-header light-rounded-window-top -->
          <div class="navigator-suite-content">
            <div class="suite-section-title">
              <span>Info</span>
            </div> <!-- suite-section-title -->
            <div class="suite-section-content">
              <ul>
                <li>
                  <a href="#" panel-name="test-xml-Default_suite" class="navigator-link ">
                    <span>C:\Users\apoorva.karanth\AppData\Local\Temp\testng-eclipse-1721456673\testng-customsuite.xml</span>
                  </a> <!-- navigator-link  -->
                </li>
                <li>
                  <a href="#" panel-name="testlist-Default_suite" class="navigator-link ">
                    <span class="test-stats">1 test</span>
                  </a> <!-- navigator-link  -->
                </li>
                <li>
                  <a href="#" panel-name="group-Default_suite" class="navigator-link ">
                    <span>0 groups</span>
                  </a> <!-- navigator-link  -->
                </li>
                <li>
                  <a href="#" panel-name="times-Default_suite" class="navigator-link ">
                    <span>Times</span>
                  </a> <!-- navigator-link  -->
                </li>
                <li>
                  <a href="#" panel-name="reporter-Default_suite" class="navigator-link ">
                    <span>Reporter output</span>
                  </a> <!-- navigator-link  -->
                </li>
                <li>
                  <a href="#" panel-name="ignored-methods-Default_suite" class="navigator-link ">
                    <span>Ignored methods</span>
                  </a> <!-- navigator-link  -->
                </li>
                <li>
                  <a href="#" panel-name="chronological-Default_suite" class="navigator-link ">
                    <span>Chronological view</span>
                  </a> <!-- navigator-link  -->
                </li>
              </ul>
            </div> <!-- suite-section-content -->
            <div class="result-section">
              <div class="suite-section-title">
                <span>Results</span>
              </div> <!-- suite-section-title -->
              <div class="suite-section-content">
                <ul>
                  <li>
                    <span class="method-stats">19 methods, 16 failed,   3 passed</span>
                  </li>
                  <li>
                    <span class="method-list-title failed">Failed methods</span>
                    <span class="show-or-hide-methods failed">
                      <a href="#" panel-name="suite-Default_suite" class="hide-methods failed suite-Default_suite"> (hide)</a> <!-- hide-methods failed suite-Default_suite -->
                      <a href="#" panel-name="suite-Default_suite" class="show-methods failed suite-Default_suite"> (show)</a> <!-- show-methods failed suite-Default_suite -->
                    </span>
                    <div class="method-list-content failed suite-Default_suite">
                      <span>
                        <img src="failed.png" width="3%"/>
                        <a href="#" panel-name="suite-Default_suite" title="com.test.user.UserManagementModule.UserManagement_TC" class="method navigator-link" hash-for-method="Add_new_user_page_Enter_and_select_inputs_for_all_fields_except_Email_Field_and_click_on_submit_button({AlphabeticInputName=Mahalinga, AlphaNumericInputName=John1234, Branch=Indore I, Email=mahalinga@gma...)">Add_new_user_page_Enter_and_select_inputs_for_all_fields_except_Email_Field_and_click_on_submit_button({AlphabeticInputName=Mahalinga, AlphaNumericInputName=John1234, Branch=Indore I, Email=mahalinga@gma...)</a> <!-- method navigator-link -->
                      </span>
                      <br/>
                      <span>
                        <img src="failed.png" width="3%"/>
                        <a href="#" panel-name="suite-Default_suite" title="com.test.user.UserManagementModule.UserManagement_TC" class="method navigator-link" hash-for-method="Add_new_user_page_Enter_and_select_inputs_for_all_fields_except_Name_Field_and_click_on_submit_button({AlphabeticInputName=Mahalinga, AlphaNumericInputName=John1234, Branch=Indore I, Email=mahalinga@gma...)">Add_new_user_page_Enter_and_select_inputs_for_all_fields_except_Name_Field_and_click_on_submit_button({AlphabeticInputName=Mahalinga, AlphaNumericInputName=John1234, Branch=Indore I, Email=mahalinga@gma...)</a> <!-- method navigator-link -->
                      </span>
                      <br/>
                      <span>
                        <img src="failed.png" width="3%"/>
                        <a href="#" panel-name="suite-Default_suite" title="com.test.user.UserManagementModule.UserManagement_TC" class="method navigator-link" hash-for-method="Add_new_user_page_Enter_and_select_inputs_for_all_fields_except_Phone_number_Field_and_click_on_submit_button({AlphabeticInputName=Mahalinga, AlphaNumericInputName=John1234, Branch=Indore I, Email=mahalinga@gma...)">Add_new_user_page_Enter_and_select_inputs_for_all_fields_except_Phone_number_Field_and_click_on_submit_button({AlphabeticInputName=Mahalinga, AlphaNumericInputName=John1234, Branch=Indore I, Email=mahalinga@gma...)</a> <!-- method navigator-link -->
                      </span>
                      <br/>
                      <span>
                        <img src="failed.png" width="3%"/>
                        <a href="#" panel-name="suite-Default_suite" title="com.test.user.UserManagementModule.UserManagement_TC" class="method navigator-link" hash-for-method="Add_new_user_page_Enter_and_select_inputs_for_all_fields_except_organization_type_dropdown_and_click_on_submit_button({AlphabeticInputName=Mahalinga, AlphaNumericInputName=John1234, Branch=Indore I, Email=mahalinga@gma...)">Add_new_user_page_Enter_and_select_inputs_for_all_fields_except_organization_type_dropdown_and_click_on_submit_button({AlphabeticInputName=Mahalinga, AlphaNumericInputName=John1234, Branch=Indore I, Email=mahalinga@gma...)</a> <!-- method navigator-link -->
                      </span>
                      <br/>
                      <span>
                        <img src="failed.png" width="3%"/>
                        <a href="#" panel-name="suite-Default_suite" title="com.test.user.UserManagementModule.UserManagement_TC" class="method navigator-link" hash-for-method="Add_new_user_page_Enter_and_select_inputs_for_all_fields_except_role_dropdown_and_click_on_submit_button({AlphabeticInputName=Mahalinga, AlphaNumericInputName=John1234, Branch=Indore I, Email=mahalinga@gma...)">Add_new_user_page_Enter_and_select_inputs_for_all_fields_except_role_dropdown_and_click_on_submit_button({AlphabeticInputName=Mahalinga, AlphaNumericInputName=John1234, Branch=Indore I, Email=mahalinga@gma...)</a> <!-- method navigator-link -->
                      </span>
                      <br/>
                      <span>
                        <img src="failed.png" width="3%"/>
                        <a href="#" panel-name="suite-Default_suite" title="com.test.user.UserManagementModule.UserManagement_TC" class="method navigator-link" hash-for-method="Add_new_user_page_Invalid_Email_Format({AlphabeticInputName=Mahalinga, AlphaNumericInputName=John1234, Branch=Indore I, Email=mahalinga@gma...)">Add_new_user_page_Invalid_Email_Format({AlphabeticInputName=Mahalinga, AlphaNumericInputName=John1234, Branch=Indore I, Email=mahalinga@gma...)</a> <!-- method navigator-link -->
                      </span>
                      <br/>
                      <span>
                        <img src="failed.png" width="3%"/>
                        <a href="#" panel-name="suite-Default_suite" title="com.test.user.UserManagementModule.UserManagement_TC" class="method navigator-link" hash-for-method="Add_new_user_page_Organization_Type_Selection_as_Branch_Display_Head_office_and_Zone_CO_Region_and_Branch_dropdown_fields({AlphabeticInputName=Mahalinga, AlphaNumericInputName=John1234, Branch=Indore I, Email=mahalinga@gma...)">Add_new_user_page_Organization_Type_Selection_as_Branch_Display_Head_office_and_Zone_CO_Region_and_Branch_dropdown_fields({AlphabeticInputName=Mahalinga, AlphaNumericInputName=John1234, Branch=Indore I, Email=mahalinga@gma...)</a> <!-- method navigator-link -->
                      </span>
                      <br/>
                      <span>
                        <img src="failed.png" width="3%"/>
                        <a href="#" panel-name="suite-Default_suite" title="com.test.user.UserManagementModule.UserManagement_TC" class="method navigator-link" hash-for-method="Add_new_user_page_Organization_Type_Selection_as_Head_office_Display_Head_Office_Dropdown({AlphabeticInputName=Mahalinga, AlphaNumericInputName=John1234, Branch=Indore I, Email=mahalinga@gma...)">Add_new_user_page_Organization_Type_Selection_as_Head_office_Display_Head_Office_Dropdown({AlphabeticInputName=Mahalinga, AlphaNumericInputName=John1234, Branch=Indore I, Email=mahalinga@gma...)</a> <!-- method navigator-link -->
                      </span>
                      <br/>
                      <span>
                        <img src="failed.png" width="3%"/>
                        <a href="#" panel-name="suite-Default_suite" title="com.test.user.UserManagementModule.UserManagement_TC" class="method navigator-link" hash-for-method="Add_new_user_page_Organization_Type_Selection_as_Region_Display_Head_office_and_Zone_CO_Region_dropdown_fields({AlphabeticInputName=Mahalinga, AlphaNumericInputName=John1234, Branch=Indore I, Email=mahalinga@gma...)">Add_new_user_page_Organization_Type_Selection_as_Region_Display_Head_office_and_Zone_CO_Region_dropdown_fields({AlphabeticInputName=Mahalinga, AlphaNumericInputName=John1234, Branch=Indore I, Email=mahalinga@gma...)</a> <!-- method navigator-link -->
                      </span>
                      <br/>
                      <span>
                        <img src="failed.png" width="3%"/>
                        <a href="#" panel-name="suite-Default_suite" title="com.test.user.UserManagementModule.UserManagement_TC" class="method navigator-link" hash-for-method="Add_new_user_page_Organization_Type_Selection_as_Zone_Co_Display_Head_office_and_Zone_CO_dropdown_fields({AlphabeticInputName=Mahalinga, AlphaNumericInputName=John1234, Branch=Indore I, Email=mahalinga@gma...)">Add_new_user_page_Organization_Type_Selection_as_Zone_Co_Display_Head_office_and_Zone_CO_dropdown_fields({AlphabeticInputName=Mahalinga, AlphaNumericInputName=John1234, Branch=Indore I, Email=mahalinga@gma...)</a> <!-- method navigator-link -->
                      </span>
                      <br/>
                      <span>
                        <img src="failed.png" width="3%"/>
                        <a href="#" panel-name="suite-Default_suite" title="com.test.user.UserManagementModule.UserManagement_TC" class="method navigator-link" hash-for-method="Add_new_user_page_Submit_Without_Inputs({AlphabeticInputName=Mahalinga, AlphaNumericInputName=John1234, Branch=Indore I, Email=mahalinga@gma...)">Add_new_user_page_Submit_Without_Inputs({AlphabeticInputName=Mahalinga, AlphaNumericInputName=John1234, Branch=Indore I, Email=mahalinga@gma...)</a> <!-- method navigator-link -->
                      </span>
                      <br/>
                      <span>
                        <img src="failed.png" width="3%"/>
                        <a href="#" panel-name="suite-Default_suite" title="com.test.user.UserManagementModule.UserManagement_TC" class="method navigator-link" hash-for-method="Test_Redirect_to_Add_New_User_Page">Test_Redirect_to_Add_New_User_Page</a> <!-- method navigator-link -->
                      </span>
                      <br/>
                      <span>
                        <img src="failed.png" width="3%"/>
                        <a href="#" panel-name="suite-Default_suite" title="com.test.user.UserManagementModule.UserManagement_TC" class="method navigator-link" hash-for-method="User_search_page_Pagination_of_Active_users_Last_page_button_functionality_and_data_checking">User_search_page_Pagination_of_Active_users_Last_page_button_functionality_and_data_checking</a> <!-- method navigator-link -->
                      </span>
                      <br/>
                      <span>
                        <img src="failed.png" width="3%"/>
                        <a href="#" panel-name="suite-Default_suite" title="com.test.user.UserManagementModule.UserManagement_TC" class="method navigator-link" hash-for-method="User_search_page_Pagination_of_Active_users_Previous_page_button_functionality_and_data_checking">User_search_page_Pagination_of_Active_users_Previous_page_button_functionality_and_data_checking</a> <!-- method navigator-link -->
                      </span>
                      <br/>
                      <span>
                        <img src="failed.png" width="3%"/>
                        <a href="#" panel-name="suite-Default_suite" title="com.test.user.UserManagementModule.UserManagement_TC" class="method navigator-link" hash-for-method="User_search_page_Pagination_of_Active_users_Second_page_button_functionality_and_data_checking">User_search_page_Pagination_of_Active_users_Second_page_button_functionality_and_data_checking</a> <!-- method navigator-link -->
                      </span>
                      <br/>
                      <span>
                        <img src="failed.png" width="3%"/>
                        <a href="#" panel-name="suite-Default_suite" title="com.test.user.UserManagementModule.UserManagement_TC" class="method navigator-link" hash-for-method="User_search_page__Default_State_of_IsActive_Checkbox">User_search_page__Default_State_of_IsActive_Checkbox</a> <!-- method navigator-link -->
                      </span>
                      <br/>
                    </div> <!-- method-list-content failed suite-Default_suite -->
                  </li>
                  <li>
                    <span class="method-list-title passed">Passed methods</span>
                    <span class="show-or-hide-methods passed">
                      <a href="#" panel-name="suite-Default_suite" class="hide-methods passed suite-Default_suite"> (hide)</a> <!-- hide-methods passed suite-Default_suite -->
                      <a href="#" panel-name="suite-Default_suite" class="show-methods passed suite-Default_suite"> (show)</a> <!-- show-methods passed suite-Default_suite -->
                    </span>
                    <div class="method-list-content passed suite-Default_suite">
                      <span>
                        <img src="passed.png" width="3%"/>
                        <a href="#" panel-name="suite-Default_suite" title="com.test.user.UserManagementModule.UserManagement_TC" class="method navigator-link" hash-for-method="Navigation_to_User_Management_Page">Navigation_to_User_Management_Page</a> <!-- method navigator-link -->
                      </span>
                      <br/>
                      <span>
                        <img src="passed.png" width="3%"/>
                        <a href="#" panel-name="suite-Default_suite" title="com.test.user.UserManagementModule.UserManagement_TC" class="method navigator-link" hash-for-method="Page_redirects_to_Add_New_User_page_showing_Name_Email_Phone_number_fields_Role_and_Organization_Type_dropdowns_Close_and_Submit_buttons_are_visible">Page_redirects_to_Add_New_User_page_showing_Name_Email_Phone_number_fields_Role_and_Organization_Type_dropdowns_Close_and_Submit_buttons_are_visible</a> <!-- method navigator-link -->
                      </span>
                      <br/>
                      <span>
                        <img src="passed.png" width="3%"/>
                        <a href="#" panel-name="suite-Default_suite" title="com.test.user.UserManagementModule.UserManagement_TC" class="method navigator-link" hash-for-method="User_search_page__Pagination_of_Active_users">User_search_page__Pagination_of_Active_users</a> <!-- method navigator-link -->
                      </span>
                      <br/>
                    </div> <!-- method-list-content passed suite-Default_suite -->
                  </li>
                </ul>
              </div> <!-- suite-section-content -->
            </div> <!-- result-section -->
          </div> <!-- navigator-suite-content -->
        </div> <!-- rounded-window -->
      </div> <!-- suite -->
    </div> <!-- navigator-root -->
    <div class="wrapper">
      <div class="main-panel-root">
        <div panel-name="suite-Default_suite" class="panel Default_suite">
          <div class="suite-Default_suite-class-failed">
            <div class="main-panel-header rounded-window-top">
              <img src="failed.png"/>
              <span class="class-name">com.test.user.UserManagementModule.UserManagement_TC</span>
            </div> <!-- main-panel-header rounded-window-top -->
            <div class="main-panel-content rounded-window-bottom">
              <div class="method">
                <div class="method-content">
                  <a name="Add_new_user_page_Enter_and_select_inputs_for_all_fields_except_Email_Field_and_click_on_submit_button({AlphabeticInputName=Mahalinga, AlphaNumericInputName=John1234, Branch=Indore I, Email=mahalinga@gma...)">
                  </a> <!-- Add_new_user_page_Enter_and_select_inputs_for_all_fields_except_Email_Field_and_click_on_submit_button({AlphabeticInputName=Mahalinga, AlphaNumericInputName=John1234, Branch=Indore I, Email=mahalinga@gma...) -->
                  <span class="method-name">Add_new_user_page_Enter_and_select_inputs_for_all_fields_except_Email_Field_and_click_on_submit_button</span>
                  <span class="parameters">({AlphabeticInputName=Mahalinga, AlphaNumericInputName=John1234, Branch=Indore I, Email=mahalinga@gmail.com, EmailWithoutDomain=kishan@, HeadOffice=Mumbai, InvalidEmailId=kishangmail.com, InvalidUserName=InvalidUser, Name=Simran, NumberEightDigits=90089257, NumberWithLetters=AbCd, NumericInputName=12345, OrganizationType=Head office, OrganizationType2=Zone/CO, OrganizationType3=Region, OrganizationType4=Branch, Phonenumber=8089889910, PwdOriginal=test@123, Region=Indore, Run=Yes, Testrole=NewrolePlaywright, TestScenario=User_UserManagment, UNOriginal=IBU0001195, UserManagementPageRole=Admin, UsernameInUNPage=IBU0001192, ZoneCo=Ahmedabad})</span>
                  <div class="stack-trace">java.lang.NoClassDefFoundError: com/test/user/UserManagementModule/UserManagement_TC$15
	at com.test.user.UserManagementModule.UserManagement_TC.Add_new_user_page_Enter_and_select_inputs_for_all_fields_except_Email_Field_and_click_on_submit_button(UserManagement_TC.java:463)
	at java.base/jdk.internal.reflect.DirectMethodHandleAccessor.invoke(DirectMethodHandleAccessor.java:103)
	at java.base/java.lang.reflect.Method.invoke(Method.java:580)
	at org.testng.internal.MethodInvocationHelper.invokeMethod(MethodInvocationHelper.java:133)
	at org.testng.internal.TestInvoker.invokeMethod(TestInvoker.java:598)
	at org.testng.internal.TestInvoker.invokeTestMethod(TestInvoker.java:173)
	at org.testng.internal.MethodRunner.runInSequence(MethodRunner.java:46)
	at org.testng.internal.TestInvoker$MethodInvocationAgent.invoke(TestInvoker.java:824)
	at org.testng.internal.TestInvoker.invokeTestMethods(TestInvoker.java:146)
	at org.testng.internal.TestMethodWorker.invokeTestMethods(TestMethodWorker.java:146)
	at org.testng.internal.TestMethodWorker.run(TestMethodWorker.java:128)
	at java.base/java.util.ArrayList.forEach(ArrayList.java:1597)
	at org.testng.TestRunner.privateRun(TestRunner.java:794)
	at org.testng.TestRunner.run(TestRunner.java:596)
	at org.testng.SuiteRunner.runTest(SuiteRunner.java:377)
	at org.testng.SuiteRunner.runSequentially(SuiteRunner.java:371)
	at org.testng.SuiteRunner.privateRun(SuiteRunner.java:332)
	at org.testng.SuiteRunner.run(SuiteRunner.java:276)
	at org.testng.SuiteRunnerWorker.runSuite(SuiteRunnerWorker.java:53)
	at org.testng.SuiteRunnerWorker.run(SuiteRunnerWorker.java:96)
	at org.testng.TestNG.runSuitesSequentially(TestNG.java:1212)
	at org.testng.TestNG.runSuitesLocally(TestNG.java:1134)
	at org.testng.TestNG.runSuites(TestNG.java:1063)
	at org.testng.TestNG.run(TestNG.java:1031)
	at org.testng.remote.AbstractRemoteTestNG.run(AbstractRemoteTestNG.java:115)
	at org.testng.remote.RemoteTestNG.initAndRun(RemoteTestNG.java:293)
	at org.testng.remote.RemoteTestNG.main(RemoteTestNG.java:91)
Caused by: java.lang.ClassNotFoundException: com.test.user.UserManagementModule.UserManagement_TC$15
	at java.base/jdk.internal.loader.BuiltinClassLoader.loadClass(BuiltinClassLoader.java:641)
	at java.base/jdk.internal.loader.ClassLoaders$AppClassLoader.loadClass(ClassLoaders.java:188)
	at java.base/java.lang.ClassLoader.loadClass(ClassLoader.java:525)
	... 27 more

</div> <!-- stack-trace -->
                </div> <!-- method-content -->
              </div> <!-- method -->
              <div class="method">
                <div class="method-content">
                  <a name="Add_new_user_page_Enter_and_select_inputs_for_all_fields_except_Name_Field_and_click_on_submit_button({AlphabeticInputName=Mahalinga, AlphaNumericInputName=John1234, Branch=Indore I, Email=mahalinga@gma...)">
                  </a> <!-- Add_new_user_page_Enter_and_select_inputs_for_all_fields_except_Name_Field_and_click_on_submit_button({AlphabeticInputName=Mahalinga, AlphaNumericInputName=John1234, Branch=Indore I, Email=mahalinga@gma...) -->
                  <span class="method-name">Add_new_user_page_Enter_and_select_inputs_for_all_fields_except_Name_Field_and_click_on_submit_button</span>
                  <span class="parameters">({AlphabeticInputName=Mahalinga, AlphaNumericInputName=John1234, Branch=Indore I, Email=mahalinga@gmail.com, EmailWithoutDomain=kishan@, HeadOffice=Mumbai, InvalidEmailId=kishangmail.com, InvalidUserName=InvalidUser, Name=Simran, NumberEightDigits=90089257, NumberWithLetters=AbCd, NumericInputName=12345, OrganizationType=Head office, OrganizationType2=Zone/CO, OrganizationType3=Region, OrganizationType4=Branch, Phonenumber=8089889910, PwdOriginal=test@123, Region=Indore, Run=Yes, Testrole=NewrolePlaywright, TestScenario=User_UserManagment, UNOriginal=IBU0001195, UserManagementPageRole=Admin, UsernameInUNPage=IBU0001192, ZoneCo=Ahmedabad})</span>
                  <div class="stack-trace">java.lang.NoClassDefFoundError: com/test/user/UserManagementModule/UserManagement_TC$14
	at com.test.user.UserManagementModule.UserManagement_TC.Add_new_user_page_Enter_and_select_inputs_for_all_fields_except_Name_Field_and_click_on_submit_button(UserManagement_TC.java:428)
	at java.base/jdk.internal.reflect.DirectMethodHandleAccessor.invoke(DirectMethodHandleAccessor.java:103)
	at java.base/java.lang.reflect.Method.invoke(Method.java:580)
	at org.testng.internal.MethodInvocationHelper.invokeMethod(MethodInvocationHelper.java:133)
	at org.testng.internal.TestInvoker.invokeMethod(TestInvoker.java:598)
	at org.testng.internal.TestInvoker.invokeTestMethod(TestInvoker.java:173)
	at org.testng.internal.MethodRunner.runInSequence(MethodRunner.java:46)
	at org.testng.internal.TestInvoker$MethodInvocationAgent.invoke(TestInvoker.java:824)
	at org.testng.internal.TestInvoker.invokeTestMethods(TestInvoker.java:146)
	at org.testng.internal.TestMethodWorker.invokeTestMethods(TestMethodWorker.java:146)
	at org.testng.internal.TestMethodWorker.run(TestMethodWorker.java:128)
	at java.base/java.util.ArrayList.forEach(ArrayList.java:1597)
	at org.testng.TestRunner.privateRun(TestRunner.java:794)
	at org.testng.TestRunner.run(TestRunner.java:596)
	at org.testng.SuiteRunner.runTest(SuiteRunner.java:377)
	at org.testng.SuiteRunner.runSequentially(SuiteRunner.java:371)
	at org.testng.SuiteRunner.privateRun(SuiteRunner.java:332)
	at org.testng.SuiteRunner.run(SuiteRunner.java:276)
	at org.testng.SuiteRunnerWorker.runSuite(SuiteRunnerWorker.java:53)
	at org.testng.SuiteRunnerWorker.run(SuiteRunnerWorker.java:96)
	at org.testng.TestNG.runSuitesSequentially(TestNG.java:1212)
	at org.testng.TestNG.runSuitesLocally(TestNG.java:1134)
	at org.testng.TestNG.runSuites(TestNG.java:1063)
	at org.testng.TestNG.run(TestNG.java:1031)
	at org.testng.remote.AbstractRemoteTestNG.run(AbstractRemoteTestNG.java:115)
	at org.testng.remote.RemoteTestNG.initAndRun(RemoteTestNG.java:293)
	at org.testng.remote.RemoteTestNG.main(RemoteTestNG.java:91)
Caused by: java.lang.ClassNotFoundException: com.test.user.UserManagementModule.UserManagement_TC$14
	at java.base/jdk.internal.loader.BuiltinClassLoader.loadClass(BuiltinClassLoader.java:641)
	at java.base/jdk.internal.loader.ClassLoaders$AppClassLoader.loadClass(ClassLoaders.java:188)
	at java.base/java.lang.ClassLoader.loadClass(ClassLoader.java:525)
	... 27 more

</div> <!-- stack-trace -->
                </div> <!-- method-content -->
              </div> <!-- method -->
              <div class="method">
                <div class="method-content">
                  <a name="Add_new_user_page_Enter_and_select_inputs_for_all_fields_except_Phone_number_Field_and_click_on_submit_button({AlphabeticInputName=Mahalinga, AlphaNumericInputName=John1234, Branch=Indore I, Email=mahalinga@gma...)">
                  </a> <!-- Add_new_user_page_Enter_and_select_inputs_for_all_fields_except_Phone_number_Field_and_click_on_submit_button({AlphabeticInputName=Mahalinga, AlphaNumericInputName=John1234, Branch=Indore I, Email=mahalinga@gma...) -->
                  <span class="method-name">Add_new_user_page_Enter_and_select_inputs_for_all_fields_except_Phone_number_Field_and_click_on_submit_button</span>
                  <span class="parameters">({AlphabeticInputName=Mahalinga, AlphaNumericInputName=John1234, Branch=Indore I, Email=mahalinga@gmail.com, EmailWithoutDomain=kishan@, HeadOffice=Mumbai, InvalidEmailId=kishangmail.com, InvalidUserName=InvalidUser, Name=Simran, NumberEightDigits=90089257, NumberWithLetters=AbCd, NumericInputName=12345, OrganizationType=Head office, OrganizationType2=Zone/CO, OrganizationType3=Region, OrganizationType4=Branch, Phonenumber=8089889910, PwdOriginal=test@123, Region=Indore, Run=Yes, Testrole=NewrolePlaywright, TestScenario=User_UserManagment, UNOriginal=IBU0001195, UserManagementPageRole=Admin, UsernameInUNPage=IBU0001192, ZoneCo=Ahmedabad})</span>
                  <div class="stack-trace">java.lang.NoClassDefFoundError: com/test/user/UserManagementModule/UserManagement_TC$16
	at com.test.user.UserManagementModule.UserManagement_TC.Add_new_user_page_Enter_and_select_inputs_for_all_fields_except_Phone_number_Field_and_click_on_submit_button(UserManagement_TC.java:497)
	at java.base/jdk.internal.reflect.DirectMethodHandleAccessor.invoke(DirectMethodHandleAccessor.java:103)
	at java.base/java.lang.reflect.Method.invoke(Method.java:580)
	at org.testng.internal.MethodInvocationHelper.invokeMethod(MethodInvocationHelper.java:133)
	at org.testng.internal.TestInvoker.invokeMethod(TestInvoker.java:598)
	at org.testng.internal.TestInvoker.invokeTestMethod(TestInvoker.java:173)
	at org.testng.internal.MethodRunner.runInSequence(MethodRunner.java:46)
	at org.testng.internal.TestInvoker$MethodInvocationAgent.invoke(TestInvoker.java:824)
	at org.testng.internal.TestInvoker.invokeTestMethods(TestInvoker.java:146)
	at org.testng.internal.TestMethodWorker.invokeTestMethods(TestMethodWorker.java:146)
	at org.testng.internal.TestMethodWorker.run(TestMethodWorker.java:128)
	at java.base/java.util.ArrayList.forEach(ArrayList.java:1597)
	at org.testng.TestRunner.privateRun(TestRunner.java:794)
	at org.testng.TestRunner.run(TestRunner.java:596)
	at org.testng.SuiteRunner.runTest(SuiteRunner.java:377)
	at org.testng.SuiteRunner.runSequentially(SuiteRunner.java:371)
	at org.testng.SuiteRunner.privateRun(SuiteRunner.java:332)
	at org.testng.SuiteRunner.run(SuiteRunner.java:276)
	at org.testng.SuiteRunnerWorker.runSuite(SuiteRunnerWorker.java:53)
	at org.testng.SuiteRunnerWorker.run(SuiteRunnerWorker.java:96)
	at org.testng.TestNG.runSuitesSequentially(TestNG.java:1212)
	at org.testng.TestNG.runSuitesLocally(TestNG.java:1134)
	at org.testng.TestNG.runSuites(TestNG.java:1063)
	at org.testng.TestNG.run(TestNG.java:1031)
	at org.testng.remote.AbstractRemoteTestNG.run(AbstractRemoteTestNG.java:115)
	at org.testng.remote.RemoteTestNG.initAndRun(RemoteTestNG.java:293)
	at org.testng.remote.RemoteTestNG.main(RemoteTestNG.java:91)
Caused by: java.lang.ClassNotFoundException: com.test.user.UserManagementModule.UserManagement_TC$16
	at java.base/jdk.internal.loader.BuiltinClassLoader.loadClass(BuiltinClassLoader.java:641)
	at java.base/jdk.internal.loader.ClassLoaders$AppClassLoader.loadClass(ClassLoaders.java:188)
	at java.base/java.lang.ClassLoader.loadClass(ClassLoader.java:525)
	... 27 more

</div> <!-- stack-trace -->
                </div> <!-- method-content -->
              </div> <!-- method -->
              <div class="method">
                <div class="method-content">
                  <a name="Add_new_user_page_Enter_and_select_inputs_for_all_fields_except_organization_type_dropdown_and_click_on_submit_button({AlphabeticInputName=Mahalinga, AlphaNumericInputName=John1234, Branch=Indore I, Email=mahalinga@gma...)">
                  </a> <!-- Add_new_user_page_Enter_and_select_inputs_for_all_fields_except_organization_type_dropdown_and_click_on_submit_button({AlphabeticInputName=Mahalinga, AlphaNumericInputName=John1234, Branch=Indore I, Email=mahalinga@gma...) -->
                  <span class="method-name">Add_new_user_page_Enter_and_select_inputs_for_all_fields_except_organization_type_dropdown_and_click_on_submit_button</span>
                  <span class="parameters">({AlphabeticInputName=Mahalinga, AlphaNumericInputName=John1234, Branch=Indore I, Email=mahalinga@gmail.com, EmailWithoutDomain=kishan@, HeadOffice=Mumbai, InvalidEmailId=kishangmail.com, InvalidUserName=InvalidUser, Name=Simran, NumberEightDigits=90089257, NumberWithLetters=AbCd, NumericInputName=12345, OrganizationType=Head office, OrganizationType2=Zone/CO, OrganizationType3=Region, OrganizationType4=Branch, Phonenumber=8089889910, PwdOriginal=test@123, Region=Indore, Run=Yes, Testrole=NewrolePlaywright, TestScenario=User_UserManagment, UNOriginal=IBU0001195, UserManagementPageRole=Admin, UsernameInUNPage=IBU0001192, ZoneCo=Ahmedabad})</span>
                  <div class="stack-trace">java.lang.NoClassDefFoundError: com/test/user/UserManagementModule/UserManagement_TC$18
	at com.test.user.UserManagementModule.UserManagement_TC.Add_new_user_page_Enter_and_select_inputs_for_all_fields_except_organization_type_dropdown_and_click_on_submit_button(UserManagement_TC.java:563)
	at java.base/jdk.internal.reflect.DirectMethodHandleAccessor.invoke(DirectMethodHandleAccessor.java:103)
	at java.base/java.lang.reflect.Method.invoke(Method.java:580)
	at org.testng.internal.MethodInvocationHelper.invokeMethod(MethodInvocationHelper.java:133)
	at org.testng.internal.TestInvoker.invokeMethod(TestInvoker.java:598)
	at org.testng.internal.TestInvoker.invokeTestMethod(TestInvoker.java:173)
	at org.testng.internal.MethodRunner.runInSequence(MethodRunner.java:46)
	at org.testng.internal.TestInvoker$MethodInvocationAgent.invoke(TestInvoker.java:824)
	at org.testng.internal.TestInvoker.invokeTestMethods(TestInvoker.java:146)
	at org.testng.internal.TestMethodWorker.invokeTestMethods(TestMethodWorker.java:146)
	at org.testng.internal.TestMethodWorker.run(TestMethodWorker.java:128)
	at java.base/java.util.ArrayList.forEach(ArrayList.java:1597)
	at org.testng.TestRunner.privateRun(TestRunner.java:794)
	at org.testng.TestRunner.run(TestRunner.java:596)
	at org.testng.SuiteRunner.runTest(SuiteRunner.java:377)
	at org.testng.SuiteRunner.runSequentially(SuiteRunner.java:371)
	at org.testng.SuiteRunner.privateRun(SuiteRunner.java:332)
	at org.testng.SuiteRunner.run(SuiteRunner.java:276)
	at org.testng.SuiteRunnerWorker.runSuite(SuiteRunnerWorker.java:53)
	at org.testng.SuiteRunnerWorker.run(SuiteRunnerWorker.java:96)
	at org.testng.TestNG.runSuitesSequentially(TestNG.java:1212)
	at org.testng.TestNG.runSuitesLocally(TestNG.java:1134)
	at org.testng.TestNG.runSuites(TestNG.java:1063)
	at org.testng.TestNG.run(TestNG.java:1031)
	at org.testng.remote.AbstractRemoteTestNG.run(AbstractRemoteTestNG.java:115)
	at org.testng.remote.RemoteTestNG.initAndRun(RemoteTestNG.java:293)
	at org.testng.remote.RemoteTestNG.main(RemoteTestNG.java:91)
Caused by: java.lang.ClassNotFoundException: com.test.user.UserManagementModule.UserManagement_TC$18
	at java.base/jdk.internal.loader.BuiltinClassLoader.loadClass(BuiltinClassLoader.java:641)
	at java.base/jdk.internal.loader.ClassLoaders$AppClassLoader.loadClass(ClassLoaders.java:188)
	at java.base/java.lang.ClassLoader.loadClass(ClassLoader.java:525)
	... 27 more

</div> <!-- stack-trace -->
                </div> <!-- method-content -->
              </div> <!-- method -->
              <div class="method">
                <div class="method-content">
                  <a name="Add_new_user_page_Enter_and_select_inputs_for_all_fields_except_role_dropdown_and_click_on_submit_button({AlphabeticInputName=Mahalinga, AlphaNumericInputName=John1234, Branch=Indore I, Email=mahalinga@gma...)">
                  </a> <!-- Add_new_user_page_Enter_and_select_inputs_for_all_fields_except_role_dropdown_and_click_on_submit_button({AlphabeticInputName=Mahalinga, AlphaNumericInputName=John1234, Branch=Indore I, Email=mahalinga@gma...) -->
                  <span class="method-name">Add_new_user_page_Enter_and_select_inputs_for_all_fields_except_role_dropdown_and_click_on_submit_button</span>
                  <span class="parameters">({AlphabeticInputName=Mahalinga, AlphaNumericInputName=John1234, Branch=Indore I, Email=mahalinga@gmail.com, EmailWithoutDomain=kishan@, HeadOffice=Mumbai, InvalidEmailId=kishangmail.com, InvalidUserName=InvalidUser, Name=Simran, NumberEightDigits=90089257, NumberWithLetters=AbCd, NumericInputName=12345, OrganizationType=Head office, OrganizationType2=Zone/CO, OrganizationType3=Region, OrganizationType4=Branch, Phonenumber=8089889910, PwdOriginal=test@123, Region=Indore, Run=Yes, Testrole=NewrolePlaywright, TestScenario=User_UserManagment, UNOriginal=IBU0001195, UserManagementPageRole=Admin, UsernameInUNPage=IBU0001192, ZoneCo=Ahmedabad})</span>
                  <div class="stack-trace">java.lang.NoClassDefFoundError: com/test/user/UserManagementModule/UserManagement_TC$17
	at com.test.user.UserManagementModule.UserManagement_TC.Add_new_user_page_Enter_and_select_inputs_for_all_fields_except_role_dropdown_and_click_on_submit_button(UserManagement_TC.java:532)
	at java.base/jdk.internal.reflect.DirectMethodHandleAccessor.invoke(DirectMethodHandleAccessor.java:103)
	at java.base/java.lang.reflect.Method.invoke(Method.java:580)
	at org.testng.internal.MethodInvocationHelper.invokeMethod(MethodInvocationHelper.java:133)
	at org.testng.internal.TestInvoker.invokeMethod(TestInvoker.java:598)
	at org.testng.internal.TestInvoker.invokeTestMethod(TestInvoker.java:173)
	at org.testng.internal.MethodRunner.runInSequence(MethodRunner.java:46)
	at org.testng.internal.TestInvoker$MethodInvocationAgent.invoke(TestInvoker.java:824)
	at org.testng.internal.TestInvoker.invokeTestMethods(TestInvoker.java:146)
	at org.testng.internal.TestMethodWorker.invokeTestMethods(TestMethodWorker.java:146)
	at org.testng.internal.TestMethodWorker.run(TestMethodWorker.java:128)
	at java.base/java.util.ArrayList.forEach(ArrayList.java:1597)
	at org.testng.TestRunner.privateRun(TestRunner.java:794)
	at org.testng.TestRunner.run(TestRunner.java:596)
	at org.testng.SuiteRunner.runTest(SuiteRunner.java:377)
	at org.testng.SuiteRunner.runSequentially(SuiteRunner.java:371)
	at org.testng.SuiteRunner.privateRun(SuiteRunner.java:332)
	at org.testng.SuiteRunner.run(SuiteRunner.java:276)
	at org.testng.SuiteRunnerWorker.runSuite(SuiteRunnerWorker.java:53)
	at org.testng.SuiteRunnerWorker.run(SuiteRunnerWorker.java:96)
	at org.testng.TestNG.runSuitesSequentially(TestNG.java:1212)
	at org.testng.TestNG.runSuitesLocally(TestNG.java:1134)
	at org.testng.TestNG.runSuites(TestNG.java:1063)
	at org.testng.TestNG.run(TestNG.java:1031)
	at org.testng.remote.AbstractRemoteTestNG.run(AbstractRemoteTestNG.java:115)
	at org.testng.remote.RemoteTestNG.initAndRun(RemoteTestNG.java:293)
	at org.testng.remote.RemoteTestNG.main(RemoteTestNG.java:91)
Caused by: java.lang.ClassNotFoundException: com.test.user.UserManagementModule.UserManagement_TC$17
	at java.base/jdk.internal.loader.BuiltinClassLoader.loadClass(BuiltinClassLoader.java:641)
	at java.base/jdk.internal.loader.ClassLoaders$AppClassLoader.loadClass(ClassLoaders.java:188)
	at java.base/java.lang.ClassLoader.loadClass(ClassLoader.java:525)
	... 27 more

</div> <!-- stack-trace -->
                </div> <!-- method-content -->
              </div> <!-- method -->
              <div class="method">
                <div class="method-content">
                  <a name="Add_new_user_page_Invalid_Email_Format({AlphabeticInputName=Mahalinga, AlphaNumericInputName=John1234, Branch=Indore I, Email=mahalinga@gma...)">
                  </a> <!-- Add_new_user_page_Invalid_Email_Format({AlphabeticInputName=Mahalinga, AlphaNumericInputName=John1234, Branch=Indore I, Email=mahalinga@gma...) -->
                  <span class="method-name">Add_new_user_page_Invalid_Email_Format</span>
                  <span class="parameters">({AlphabeticInputName=Mahalinga, AlphaNumericInputName=John1234, Branch=Indore I, Email=mahalinga@gmail.com, EmailWithoutDomain=kishan@, HeadOffice=Mumbai, InvalidEmailId=kishangmail.com, InvalidUserName=InvalidUser, Name=Simran, NumberEightDigits=90089257, NumberWithLetters=AbCd, NumericInputName=12345, OrganizationType=Head office, OrganizationType2=Zone/CO, OrganizationType3=Region, OrganizationType4=Branch, Phonenumber=8089889910, PwdOriginal=test@123, Region=Indore, Run=Yes, Testrole=NewrolePlaywright, TestScenario=User_UserManagment, UNOriginal=IBU0001195, UserManagementPageRole=Admin, UsernameInUNPage=IBU0001192, ZoneCo=Ahmedabad})</span>
                  <div class="stack-trace">java.lang.Error: Unresolved compilation problem: 
	AddNewUserHeadOffice cannot be resolved to a variable

	at com.test.user.UserManagementModule.UserManagement_TC.Add_new_user_page_Invalid_Email_Format(UserManagement_TC.java:590)
	at java.base/jdk.internal.reflect.DirectMethodHandleAccessor.invoke(DirectMethodHandleAccessor.java:103)
	at java.base/java.lang.reflect.Method.invoke(Method.java:580)
	at org.testng.internal.MethodInvocationHelper.invokeMethod(MethodInvocationHelper.java:133)
	at org.testng.internal.TestInvoker.invokeMethod(TestInvoker.java:598)
	at org.testng.internal.TestInvoker.invokeTestMethod(TestInvoker.java:173)
	at org.testng.internal.MethodRunner.runInSequence(MethodRunner.java:46)
	at org.testng.internal.TestInvoker$MethodInvocationAgent.invoke(TestInvoker.java:824)
	at org.testng.internal.TestInvoker.invokeTestMethods(TestInvoker.java:146)
	at org.testng.internal.TestMethodWorker.invokeTestMethods(TestMethodWorker.java:146)
	at org.testng.internal.TestMethodWorker.run(TestMethodWorker.java:128)
	at java.base/java.util.ArrayList.forEach(ArrayList.java:1597)
	at org.testng.TestRunner.privateRun(TestRunner.java:794)
	at org.testng.TestRunner.run(TestRunner.java:596)
	at org.testng.SuiteRunner.runTest(SuiteRunner.java:377)
	at org.testng.SuiteRunner.runSequentially(SuiteRunner.java:371)
	at org.testng.SuiteRunner.privateRun(SuiteRunner.java:332)
	at org.testng.SuiteRunner.run(SuiteRunner.java:276)
	at org.testng.SuiteRunnerWorker.runSuite(SuiteRunnerWorker.java:53)
	at org.testng.SuiteRunnerWorker.run(SuiteRunnerWorker.java:96)
	at org.testng.TestNG.runSuitesSequentially(TestNG.java:1212)
	at org.testng.TestNG.runSuitesLocally(TestNG.java:1134)
	at org.testng.TestNG.runSuites(TestNG.java:1063)
	at org.testng.TestNG.run(TestNG.java:1031)
	at org.testng.remote.AbstractRemoteTestNG.run(AbstractRemoteTestNG.java:115)
	at org.testng.remote.RemoteTestNG.initAndRun(RemoteTestNG.java:293)
	at org.testng.remote.RemoteTestNG.main(RemoteTestNG.java:91)

</div> <!-- stack-trace -->
                </div> <!-- method-content -->
              </div> <!-- method -->
              <div class="method">
                <div class="method-content">
                  <a name="Add_new_user_page_Organization_Type_Selection_as_Branch_Display_Head_office_and_Zone_CO_Region_and_Branch_dropdown_fields({AlphabeticInputName=Mahalinga, AlphaNumericInputName=John1234, Branch=Indore I, Email=mahalinga@gma...)">
                  </a> <!-- Add_new_user_page_Organization_Type_Selection_as_Branch_Display_Head_office_and_Zone_CO_Region_and_Branch_dropdown_fields({AlphabeticInputName=Mahalinga, AlphaNumericInputName=John1234, Branch=Indore I, Email=mahalinga@gma...) -->
                  <span class="method-name">Add_new_user_page_Organization_Type_Selection_as_Branch_Display_Head_office_and_Zone_CO_Region_and_Branch_dropdown_fields</span>
                  <span class="parameters">({AlphabeticInputName=Mahalinga, AlphaNumericInputName=John1234, Branch=Indore I, Email=mahalinga@gmail.com, EmailWithoutDomain=kishan@, HeadOffice=Mumbai, InvalidEmailId=kishangmail.com, InvalidUserName=InvalidUser, Name=Simran, NumberEightDigits=90089257, NumberWithLetters=AbCd, NumericInputName=12345, OrganizationType=Head office, OrganizationType2=Zone/CO, OrganizationType3=Region, OrganizationType4=Branch, Phonenumber=8089889910, PwdOriginal=test@123, Region=Indore, Run=Yes, Testrole=NewrolePlaywright, TestScenario=User_UserManagment, UNOriginal=IBU0001195, UserManagementPageRole=Admin, UsernameInUNPage=IBU0001192, ZoneCo=Ahmedabad})</span>
                  <div class="stack-trace">java.lang.NullPointerException
	at java.base/java.util.Objects.requireNonNull(Objects.java:220)
	at org.openqa.selenium.support.ui.FluentWait.&lt;init&gt;(FluentWait.java:106)
	at org.openqa.selenium.support.ui.FluentWait.&lt;init&gt;(FluentWait.java:97)
	at com.BasePackage.Common.waitForSpinnerToDisappear(Common.java:44)
	at com.Pages_UserManagementModule.UserManagement_Page.SelectOrganizationTypeDropdown4(UserManagement_Page.java:257)
	at com.test.user.UserManagementModule.UserManagement_TC.Add_new_user_page_Organization_Type_Selection_as_Branch_Display_Head_office_and_Zone_CO_Region_and_Branch_dropdown_fields(UserManagement_TC.java:351)
	at java.base/jdk.internal.reflect.DirectMethodHandleAccessor.invoke(DirectMethodHandleAccessor.java:103)
	at java.base/java.lang.reflect.Method.invoke(Method.java:580)
	at org.testng.internal.MethodInvocationHelper.invokeMethod(MethodInvocationHelper.java:133)
	at org.testng.internal.TestInvoker.invokeMethod(TestInvoker.java:598)
	at org.testng.internal.TestInvoker.invokeTestMethod(TestInvoker.java:173)
	at org.testng.internal.MethodRunner.runInSequence(MethodRunner.java:46)
	at org.testng.internal.TestInvoker$MethodInvocationAgent.invoke(TestInvoker.java:824)
	at org.testng.internal.TestInvoker.invokeTestMethods(TestInvoker.java:146)
	at org.testng.internal.TestMethodWorker.invokeTestMethods(TestMethodWorker.java:146)
	at org.testng.internal.TestMethodWorker.run(TestMethodWorker.java:128)
	at java.base/java.util.ArrayList.forEach(ArrayList.java:1597)
	at org.testng.TestRunner.privateRun(TestRunner.java:794)
	at org.testng.TestRunner.run(TestRunner.java:596)
	at org.testng.SuiteRunner.runTest(SuiteRunner.java:377)
	at org.testng.SuiteRunner.runSequentially(SuiteRunner.java:371)
	at org.testng.SuiteRunner.privateRun(SuiteRunner.java:332)
	at org.testng.SuiteRunner.run(SuiteRunner.java:276)
	at org.testng.SuiteRunnerWorker.runSuite(SuiteRunnerWorker.java:53)
	at org.testng.SuiteRunnerWorker.run(SuiteRunnerWorker.java:96)
	at org.testng.TestNG.runSuitesSequentially(TestNG.java:1212)
	at org.testng.TestNG.runSuitesLocally(TestNG.java:1134)
	at org.testng.TestNG.runSuites(TestNG.java:1063)
	at org.testng.TestNG.run(TestNG.java:1031)
	at org.testng.remote.AbstractRemoteTestNG.run(AbstractRemoteTestNG.java:115)
	at org.testng.remote.RemoteTestNG.initAndRun(RemoteTestNG.java:293)
	at org.testng.remote.RemoteTestNG.main(RemoteTestNG.java:91)

</div> <!-- stack-trace -->
                </div> <!-- method-content -->
              </div> <!-- method -->
              <div class="method">
                <div class="method-content">
                  <a name="Add_new_user_page_Organization_Type_Selection_as_Head_office_Display_Head_Office_Dropdown({AlphabeticInputName=Mahalinga, AlphaNumericInputName=John1234, Branch=Indore I, Email=mahalinga@gma...)">
                  </a> <!-- Add_new_user_page_Organization_Type_Selection_as_Head_office_Display_Head_Office_Dropdown({AlphabeticInputName=Mahalinga, AlphaNumericInputName=John1234, Branch=Indore I, Email=mahalinga@gma...) -->
                  <span class="method-name">Add_new_user_page_Organization_Type_Selection_as_Head_office_Display_Head_Office_Dropdown</span>
                  <span class="parameters">({AlphabeticInputName=Mahalinga, AlphaNumericInputName=John1234, Branch=Indore I, Email=mahalinga@gmail.com, EmailWithoutDomain=kishan@, HeadOffice=Mumbai, InvalidEmailId=kishangmail.com, InvalidUserName=InvalidUser, Name=Simran, NumberEightDigits=90089257, NumberWithLetters=AbCd, NumericInputName=12345, OrganizationType=Head office, OrganizationType2=Zone/CO, OrganizationType3=Region, OrganizationType4=Branch, Phonenumber=8089889910, PwdOriginal=test@123, Region=Indore, Run=Yes, Testrole=NewrolePlaywright, TestScenario=User_UserManagment, UNOriginal=IBU0001195, UserManagementPageRole=Admin, UsernameInUNPage=IBU0001192, ZoneCo=Ahmedabad})</span>
                  <div class="stack-trace">java.lang.NullPointerException
	at java.base/java.util.Objects.requireNonNull(Objects.java:220)
	at org.openqa.selenium.support.ui.FluentWait.&lt;init&gt;(FluentWait.java:106)
	at org.openqa.selenium.support.ui.FluentWait.&lt;init&gt;(FluentWait.java:97)
	at com.BasePackage.Common.waitForSpinnerToDisappear(Common.java:44)
	at com.Pages_UserManagementModule.UserManagement_Page.SelectOrganizationTypeDropdown(UserManagement_Page.java:234)
	at com.test.user.UserManagementModule.UserManagement_TC.Add_new_user_page_Organization_Type_Selection_as_Head_office_Display_Head_Office_Dropdown(UserManagement_TC.java:274)
	at java.base/jdk.internal.reflect.DirectMethodHandleAccessor.invoke(DirectMethodHandleAccessor.java:103)
	at java.base/java.lang.reflect.Method.invoke(Method.java:580)
	at org.testng.internal.MethodInvocationHelper.invokeMethod(MethodInvocationHelper.java:133)
	at org.testng.internal.TestInvoker.invokeMethod(TestInvoker.java:598)
	at org.testng.internal.TestInvoker.invokeTestMethod(TestInvoker.java:173)
	at org.testng.internal.MethodRunner.runInSequence(MethodRunner.java:46)
	at org.testng.internal.TestInvoker$MethodInvocationAgent.invoke(TestInvoker.java:824)
	at org.testng.internal.TestInvoker.invokeTestMethods(TestInvoker.java:146)
	at org.testng.internal.TestMethodWorker.invokeTestMethods(TestMethodWorker.java:146)
	at org.testng.internal.TestMethodWorker.run(TestMethodWorker.java:128)
	at java.base/java.util.ArrayList.forEach(ArrayList.java:1597)
	at org.testng.TestRunner.privateRun(TestRunner.java:794)
	at org.testng.TestRunner.run(TestRunner.java:596)
	at org.testng.SuiteRunner.runTest(SuiteRunner.java:377)
	at org.testng.SuiteRunner.runSequentially(SuiteRunner.java:371)
	at org.testng.SuiteRunner.privateRun(SuiteRunner.java:332)
	at org.testng.SuiteRunner.run(SuiteRunner.java:276)
	at org.testng.SuiteRunnerWorker.runSuite(SuiteRunnerWorker.java:53)
	at org.testng.SuiteRunnerWorker.run(SuiteRunnerWorker.java:96)
	at org.testng.TestNG.runSuitesSequentially(TestNG.java:1212)
	at org.testng.TestNG.runSuitesLocally(TestNG.java:1134)
	at org.testng.TestNG.runSuites(TestNG.java:1063)
	at org.testng.TestNG.run(TestNG.java:1031)
	at org.testng.remote.AbstractRemoteTestNG.run(AbstractRemoteTestNG.java:115)
	at org.testng.remote.RemoteTestNG.initAndRun(RemoteTestNG.java:293)
	at org.testng.remote.RemoteTestNG.main(RemoteTestNG.java:91)

</div> <!-- stack-trace -->
                </div> <!-- method-content -->
              </div> <!-- method -->
              <div class="method">
                <div class="method-content">
                  <a name="Add_new_user_page_Organization_Type_Selection_as_Region_Display_Head_office_and_Zone_CO_Region_dropdown_fields({AlphabeticInputName=Mahalinga, AlphaNumericInputName=John1234, Branch=Indore I, Email=mahalinga@gma...)">
                  </a> <!-- Add_new_user_page_Organization_Type_Selection_as_Region_Display_Head_office_and_Zone_CO_Region_dropdown_fields({AlphabeticInputName=Mahalinga, AlphaNumericInputName=John1234, Branch=Indore I, Email=mahalinga@gma...) -->
                  <span class="method-name">Add_new_user_page_Organization_Type_Selection_as_Region_Display_Head_office_and_Zone_CO_Region_dropdown_fields</span>
                  <span class="parameters">({AlphabeticInputName=Mahalinga, AlphaNumericInputName=John1234, Branch=Indore I, Email=mahalinga@gmail.com, EmailWithoutDomain=kishan@, HeadOffice=Mumbai, InvalidEmailId=kishangmail.com, InvalidUserName=InvalidUser, Name=Simran, NumberEightDigits=90089257, NumberWithLetters=AbCd, NumericInputName=12345, OrganizationType=Head office, OrganizationType2=Zone/CO, OrganizationType3=Region, OrganizationType4=Branch, Phonenumber=8089889910, PwdOriginal=test@123, Region=Indore, Run=Yes, Testrole=NewrolePlaywright, TestScenario=User_UserManagment, UNOriginal=IBU0001195, UserManagementPageRole=Admin, UsernameInUNPage=IBU0001192, ZoneCo=Ahmedabad})</span>
                  <div class="stack-trace">java.lang.NullPointerException
	at java.base/java.util.Objects.requireNonNull(Objects.java:220)
	at org.openqa.selenium.support.ui.FluentWait.&lt;init&gt;(FluentWait.java:106)
	at org.openqa.selenium.support.ui.FluentWait.&lt;init&gt;(FluentWait.java:97)
	at com.BasePackage.Common.waitForSpinnerToDisappear(Common.java:44)
	at com.Pages_UserManagementModule.UserManagement_Page.SelectOrganizationTypeDropdown3(UserManagement_Page.java:250)
	at com.test.user.UserManagementModule.UserManagement_TC.Add_new_user_page_Organization_Type_Selection_as_Region_Display_Head_office_and_Zone_CO_Region_dropdown_fields(UserManagement_TC.java:321)
	at java.base/jdk.internal.reflect.DirectMethodHandleAccessor.invoke(DirectMethodHandleAccessor.java:103)
	at java.base/java.lang.reflect.Method.invoke(Method.java:580)
	at org.testng.internal.MethodInvocationHelper.invokeMethod(MethodInvocationHelper.java:133)
	at org.testng.internal.TestInvoker.invokeMethod(TestInvoker.java:598)
	at org.testng.internal.TestInvoker.invokeTestMethod(TestInvoker.java:173)
	at org.testng.internal.MethodRunner.runInSequence(MethodRunner.java:46)
	at org.testng.internal.TestInvoker$MethodInvocationAgent.invoke(TestInvoker.java:824)
	at org.testng.internal.TestInvoker.invokeTestMethods(TestInvoker.java:146)
	at org.testng.internal.TestMethodWorker.invokeTestMethods(TestMethodWorker.java:146)
	at org.testng.internal.TestMethodWorker.run(TestMethodWorker.java:128)
	at java.base/java.util.ArrayList.forEach(ArrayList.java:1597)
	at org.testng.TestRunner.privateRun(TestRunner.java:794)
	at org.testng.TestRunner.run(TestRunner.java:596)
	at org.testng.SuiteRunner.runTest(SuiteRunner.java:377)
	at org.testng.SuiteRunner.runSequentially(SuiteRunner.java:371)
	at org.testng.SuiteRunner.privateRun(SuiteRunner.java:332)
	at org.testng.SuiteRunner.run(SuiteRunner.java:276)
	at org.testng.SuiteRunnerWorker.runSuite(SuiteRunnerWorker.java:53)
	at org.testng.SuiteRunnerWorker.run(SuiteRunnerWorker.java:96)
	at org.testng.TestNG.runSuitesSequentially(TestNG.java:1212)
	at org.testng.TestNG.runSuitesLocally(TestNG.java:1134)
	at org.testng.TestNG.runSuites(TestNG.java:1063)
	at org.testng.TestNG.run(TestNG.java:1031)
	at org.testng.remote.AbstractRemoteTestNG.run(AbstractRemoteTestNG.java:115)
	at org.testng.remote.RemoteTestNG.initAndRun(RemoteTestNG.java:293)
	at org.testng.remote.RemoteTestNG.main(RemoteTestNG.java:91)

</div> <!-- stack-trace -->
                </div> <!-- method-content -->
              </div> <!-- method -->
              <div class="method">
                <div class="method-content">
                  <a name="Add_new_user_page_Organization_Type_Selection_as_Zone_Co_Display_Head_office_and_Zone_CO_dropdown_fields({AlphabeticInputName=Mahalinga, AlphaNumericInputName=John1234, Branch=Indore I, Email=mahalinga@gma...)">
                  </a> <!-- Add_new_user_page_Organization_Type_Selection_as_Zone_Co_Display_Head_office_and_Zone_CO_dropdown_fields({AlphabeticInputName=Mahalinga, AlphaNumericInputName=John1234, Branch=Indore I, Email=mahalinga@gma...) -->
                  <span class="method-name">Add_new_user_page_Organization_Type_Selection_as_Zone_Co_Display_Head_office_and_Zone_CO_dropdown_fields</span>
                  <span class="parameters">({AlphabeticInputName=Mahalinga, AlphaNumericInputName=John1234, Branch=Indore I, Email=mahalinga@gmail.com, EmailWithoutDomain=kishan@, HeadOffice=Mumbai, InvalidEmailId=kishangmail.com, InvalidUserName=InvalidUser, Name=Simran, NumberEightDigits=90089257, NumberWithLetters=AbCd, NumericInputName=12345, OrganizationType=Head office, OrganizationType2=Zone/CO, OrganizationType3=Region, OrganizationType4=Branch, Phonenumber=8089889910, PwdOriginal=test@123, Region=Indore, Run=Yes, Testrole=NewrolePlaywright, TestScenario=User_UserManagment, UNOriginal=IBU0001195, UserManagementPageRole=Admin, UsernameInUNPage=IBU0001192, ZoneCo=Ahmedabad})</span>
                  <div class="stack-trace">java.lang.NullPointerException
	at java.base/java.util.Objects.requireNonNull(Objects.java:220)
	at org.openqa.selenium.support.ui.FluentWait.&lt;init&gt;(FluentWait.java:106)
	at org.openqa.selenium.support.ui.FluentWait.&lt;init&gt;(FluentWait.java:97)
	at com.BasePackage.Common.waitForSpinnerToDisappear(Common.java:44)
	at com.Pages_UserManagementModule.UserManagement_Page.SelectOrganizationTypeDropdown2(UserManagement_Page.java:243)
	at com.test.user.UserManagementModule.UserManagement_TC.Add_new_user_page_Organization_Type_Selection_as_Zone_Co_Display_Head_office_and_Zone_CO_dropdown_fields(UserManagement_TC.java:295)
	at java.base/jdk.internal.reflect.DirectMethodHandleAccessor.invoke(DirectMethodHandleAccessor.java:103)
	at java.base/java.lang.reflect.Method.invoke(Method.java:580)
	at org.testng.internal.MethodInvocationHelper.invokeMethod(MethodInvocationHelper.java:133)
	at org.testng.internal.TestInvoker.invokeMethod(TestInvoker.java:598)
	at org.testng.internal.TestInvoker.invokeTestMethod(TestInvoker.java:173)
	at org.testng.internal.MethodRunner.runInSequence(MethodRunner.java:46)
	at org.testng.internal.TestInvoker$MethodInvocationAgent.invoke(TestInvoker.java:824)
	at org.testng.internal.TestInvoker.invokeTestMethods(TestInvoker.java:146)
	at org.testng.internal.TestMethodWorker.invokeTestMethods(TestMethodWorker.java:146)
	at org.testng.internal.TestMethodWorker.run(TestMethodWorker.java:128)
	at java.base/java.util.ArrayList.forEach(ArrayList.java:1597)
	at org.testng.TestRunner.privateRun(TestRunner.java:794)
	at org.testng.TestRunner.run(TestRunner.java:596)
	at org.testng.SuiteRunner.runTest(SuiteRunner.java:377)
	at org.testng.SuiteRunner.runSequentially(SuiteRunner.java:371)
	at org.testng.SuiteRunner.privateRun(SuiteRunner.java:332)
	at org.testng.SuiteRunner.run(SuiteRunner.java:276)
	at org.testng.SuiteRunnerWorker.runSuite(SuiteRunnerWorker.java:53)
	at org.testng.SuiteRunnerWorker.run(SuiteRunnerWorker.java:96)
	at org.testng.TestNG.runSuitesSequentially(TestNG.java:1212)
	at org.testng.TestNG.runSuitesLocally(TestNG.java:1134)
	at org.testng.TestNG.runSuites(TestNG.java:1063)
	at org.testng.TestNG.run(TestNG.java:1031)
	at org.testng.remote.AbstractRemoteTestNG.run(AbstractRemoteTestNG.java:115)
	at org.testng.remote.RemoteTestNG.initAndRun(RemoteTestNG.java:293)
	at org.testng.remote.RemoteTestNG.main(RemoteTestNG.java:91)

</div> <!-- stack-trace -->
                </div> <!-- method-content -->
              </div> <!-- method -->
              <div class="method">
                <div class="method-content">
                  <a name="Add_new_user_page_Submit_Without_Inputs({AlphabeticInputName=Mahalinga, AlphaNumericInputName=John1234, Branch=Indore I, Email=mahalinga@gma...)">
                  </a> <!-- Add_new_user_page_Submit_Without_Inputs({AlphabeticInputName=Mahalinga, AlphaNumericInputName=John1234, Branch=Indore I, Email=mahalinga@gma...) -->
                  <span class="method-name">Add_new_user_page_Submit_Without_Inputs</span>
                  <span class="parameters">({AlphabeticInputName=Mahalinga, AlphaNumericInputName=John1234, Branch=Indore I, Email=mahalinga@gmail.com, EmailWithoutDomain=kishan@, HeadOffice=Mumbai, InvalidEmailId=kishangmail.com, InvalidUserName=InvalidUser, Name=Simran, NumberEightDigits=90089257, NumberWithLetters=AbCd, NumericInputName=12345, OrganizationType=Head office, OrganizationType2=Zone/CO, OrganizationType3=Region, OrganizationType4=Branch, Phonenumber=8089889910, PwdOriginal=test@123, Region=Indore, Run=Yes, Testrole=NewrolePlaywright, TestScenario=User_UserManagment, UNOriginal=IBU0001195, UserManagementPageRole=Admin, UsernameInUNPage=IBU0001192, ZoneCo=Ahmedabad})</span>
                  <div class="stack-trace">java.lang.NoClassDefFoundError: com/test/user/UserManagementModule/UserManagement_TC$13
	at com.test.user.UserManagementModule.UserManagement_TC.Add_new_user_page_Submit_Without_Inputs(UserManagement_TC.java:394)
	at java.base/jdk.internal.reflect.DirectMethodHandleAccessor.invoke(DirectMethodHandleAccessor.java:103)
	at java.base/java.lang.reflect.Method.invoke(Method.java:580)
	at org.testng.internal.MethodInvocationHelper.invokeMethod(MethodInvocationHelper.java:133)
	at org.testng.internal.TestInvoker.invokeMethod(TestInvoker.java:598)
	at org.testng.internal.TestInvoker.invokeTestMethod(TestInvoker.java:173)
	at org.testng.internal.MethodRunner.runInSequence(MethodRunner.java:46)
	at org.testng.internal.TestInvoker$MethodInvocationAgent.invoke(TestInvoker.java:824)
	at org.testng.internal.TestInvoker.invokeTestMethods(TestInvoker.java:146)
	at org.testng.internal.TestMethodWorker.invokeTestMethods(TestMethodWorker.java:146)
	at org.testng.internal.TestMethodWorker.run(TestMethodWorker.java:128)
	at java.base/java.util.ArrayList.forEach(ArrayList.java:1597)
	at org.testng.TestRunner.privateRun(TestRunner.java:794)
	at org.testng.TestRunner.run(TestRunner.java:596)
	at org.testng.SuiteRunner.runTest(SuiteRunner.java:377)
	at org.testng.SuiteRunner.runSequentially(SuiteRunner.java:371)
	at org.testng.SuiteRunner.privateRun(SuiteRunner.java:332)
	at org.testng.SuiteRunner.run(SuiteRunner.java:276)
	at org.testng.SuiteRunnerWorker.runSuite(SuiteRunnerWorker.java:53)
	at org.testng.SuiteRunnerWorker.run(SuiteRunnerWorker.java:96)
	at org.testng.TestNG.runSuitesSequentially(TestNG.java:1212)
	at org.testng.TestNG.runSuitesLocally(TestNG.java:1134)
	at org.testng.TestNG.runSuites(TestNG.java:1063)
	at org.testng.TestNG.run(TestNG.java:1031)
	at org.testng.remote.AbstractRemoteTestNG.run(AbstractRemoteTestNG.java:115)
	at org.testng.remote.RemoteTestNG.initAndRun(RemoteTestNG.java:293)
	at org.testng.remote.RemoteTestNG.main(RemoteTestNG.java:91)
Caused by: java.lang.ClassNotFoundException: com.test.user.UserManagementModule.UserManagement_TC$13
	at java.base/jdk.internal.loader.BuiltinClassLoader.loadClass(BuiltinClassLoader.java:641)
	at java.base/jdk.internal.loader.ClassLoaders$AppClassLoader.loadClass(ClassLoaders.java:188)
	at java.base/java.lang.ClassLoader.loadClass(ClassLoader.java:525)
	... 27 more

</div> <!-- stack-trace -->
                </div> <!-- method-content -->
              </div> <!-- method -->
              <div class="method">
                <div class="method-content">
                  <a name="Test_Redirect_to_Add_New_User_Page">
                  </a> <!-- Test_Redirect_to_Add_New_User_Page -->
                  <span class="method-name">Test_Redirect_to_Add_New_User_Page</span>
                  <div class="stack-trace">java.lang.NullPointerException
	at java.base/java.util.Objects.requireNonNull(Objects.java:220)
	at org.openqa.selenium.support.ui.FluentWait.&lt;init&gt;(FluentWait.java:106)
	at org.openqa.selenium.support.ui.FluentWait.&lt;init&gt;(FluentWait.java:97)
	at com.BasePackage.Common.waitForSpinnerToDisappear(Common.java:44)
	at com.Pages_UserManagementModule.UserManagement_Page.ClickUserManagementPageAddUserBtn(UserManagement_Page.java:179)
	at com.test.user.UserManagementModule.UserManagement_TC.Test_Redirect_to_Add_New_User_Page(UserManagement_TC.java:208)
	at java.base/jdk.internal.reflect.DirectMethodHandleAccessor.invoke(DirectMethodHandleAccessor.java:103)
	at java.base/java.lang.reflect.Method.invoke(Method.java:580)
	at org.testng.internal.MethodInvocationHelper.invokeMethod(MethodInvocationHelper.java:133)
	at org.testng.internal.TestInvoker.invokeMethod(TestInvoker.java:598)
	at org.testng.internal.TestInvoker.invokeTestMethod(TestInvoker.java:173)
	at org.testng.internal.MethodRunner.runInSequence(MethodRunner.java:46)
	at org.testng.internal.TestInvoker$MethodInvocationAgent.invoke(TestInvoker.java:824)
	at org.testng.internal.TestInvoker.invokeTestMethods(TestInvoker.java:146)
	at org.testng.internal.TestMethodWorker.invokeTestMethods(TestMethodWorker.java:146)
	at org.testng.internal.TestMethodWorker.run(TestMethodWorker.java:128)
	at java.base/java.util.ArrayList.forEach(ArrayList.java:1597)
	at org.testng.TestRunner.privateRun(TestRunner.java:794)
	at org.testng.TestRunner.run(TestRunner.java:596)
	at org.testng.SuiteRunner.runTest(SuiteRunner.java:377)
	at org.testng.SuiteRunner.runSequentially(SuiteRunner.java:371)
	at org.testng.SuiteRunner.privateRun(SuiteRunner.java:332)
	at org.testng.SuiteRunner.run(SuiteRunner.java:276)
	at org.testng.SuiteRunnerWorker.runSuite(SuiteRunnerWorker.java:53)
	at org.testng.SuiteRunnerWorker.run(SuiteRunnerWorker.java:96)
	at org.testng.TestNG.runSuitesSequentially(TestNG.java:1212)
	at org.testng.TestNG.runSuitesLocally(TestNG.java:1134)
	at org.testng.TestNG.runSuites(TestNG.java:1063)
	at org.testng.TestNG.run(TestNG.java:1031)
	at org.testng.remote.AbstractRemoteTestNG.run(AbstractRemoteTestNG.java:115)
	at org.testng.remote.RemoteTestNG.initAndRun(RemoteTestNG.java:293)
	at org.testng.remote.RemoteTestNG.main(RemoteTestNG.java:91)

</div> <!-- stack-trace -->
                </div> <!-- method-content -->
              </div> <!-- method -->
              <div class="method">
                <div class="method-content">
                  <a name="User_search_page_Pagination_of_Active_users_Last_page_button_functionality_and_data_checking">
                  </a> <!-- User_search_page_Pagination_of_Active_users_Last_page_button_functionality_and_data_checking -->
                  <span class="method-name">User_search_page_Pagination_of_Active_users_Last_page_button_functionality_and_data_checking</span>
                  <div class="stack-trace">java.lang.NullPointerException
	at java.base/java.util.Objects.requireNonNull(Objects.java:220)
	at org.openqa.selenium.support.ui.FluentWait.&lt;init&gt;(FluentWait.java:106)
	at org.openqa.selenium.support.ui.FluentWait.&lt;init&gt;(FluentWait.java:97)
	at com.BasePackage.Common.waitForSpinnerToDisappear(Common.java:44)
	at com.Pages_UserManagementModule.UserManagement_Page.ClickUserManagementLastArrowBtn(UserManagement_Page.java:152)
	at com.test.user.UserManagementModule.UserManagement_TC.User_search_page_Pagination_of_Active_users_Last_page_button_functionality_and_data_checking(UserManagement_TC.java:179)
	at java.base/jdk.internal.reflect.DirectMethodHandleAccessor.invoke(DirectMethodHandleAccessor.java:103)
	at java.base/java.lang.reflect.Method.invoke(Method.java:580)
	at org.testng.internal.MethodInvocationHelper.invokeMethod(MethodInvocationHelper.java:133)
	at org.testng.internal.TestInvoker.invokeMethod(TestInvoker.java:598)
	at org.testng.internal.TestInvoker.invokeTestMethod(TestInvoker.java:173)
	at org.testng.internal.MethodRunner.runInSequence(MethodRunner.java:46)
	at org.testng.internal.TestInvoker$MethodInvocationAgent.invoke(TestInvoker.java:824)
	at org.testng.internal.TestInvoker.invokeTestMethods(TestInvoker.java:146)
	at org.testng.internal.TestMethodWorker.invokeTestMethods(TestMethodWorker.java:146)
	at org.testng.internal.TestMethodWorker.run(TestMethodWorker.java:128)
	at java.base/java.util.ArrayList.forEach(ArrayList.java:1597)
	at org.testng.TestRunner.privateRun(TestRunner.java:794)
	at org.testng.TestRunner.run(TestRunner.java:596)
	at org.testng.SuiteRunner.runTest(SuiteRunner.java:377)
	at org.testng.SuiteRunner.runSequentially(SuiteRunner.java:371)
	at org.testng.SuiteRunner.privateRun(SuiteRunner.java:332)
	at org.testng.SuiteRunner.run(SuiteRunner.java:276)
	at org.testng.SuiteRunnerWorker.runSuite(SuiteRunnerWorker.java:53)
	at org.testng.SuiteRunnerWorker.run(SuiteRunnerWorker.java:96)
	at org.testng.TestNG.runSuitesSequentially(TestNG.java:1212)
	at org.testng.TestNG.runSuitesLocally(TestNG.java:1134)
	at org.testng.TestNG.runSuites(TestNG.java:1063)
	at org.testng.TestNG.run(TestNG.java:1031)
	at org.testng.remote.AbstractRemoteTestNG.run(AbstractRemoteTestNG.java:115)
	at org.testng.remote.RemoteTestNG.initAndRun(RemoteTestNG.java:293)
	at org.testng.remote.RemoteTestNG.main(RemoteTestNG.java:91)

</div> <!-- stack-trace -->
                </div> <!-- method-content -->
              </div> <!-- method -->
              <div class="method">
                <div class="method-content">
                  <a name="User_search_page_Pagination_of_Active_users_Previous_page_button_functionality_and_data_checking">
                  </a> <!-- User_search_page_Pagination_of_Active_users_Previous_page_button_functionality_and_data_checking -->
                  <span class="method-name">User_search_page_Pagination_of_Active_users_Previous_page_button_functionality_and_data_checking</span>
                  <div class="stack-trace">java.lang.NullPointerException
	at java.base/java.util.Objects.requireNonNull(Objects.java:220)
	at org.openqa.selenium.support.ui.FluentWait.&lt;init&gt;(FluentWait.java:106)
	at org.openqa.selenium.support.ui.FluentWait.&lt;init&gt;(FluentWait.java:97)
	at com.BasePackage.Common.waitForSpinnerToDisappear(Common.java:44)
	at com.Pages_UserManagementModule.UserManagement_Page.ClickUserManagementPreviousArrowBtn(UserManagement_Page.java:170)
	at com.test.user.UserManagementModule.UserManagement_TC.User_search_page_Pagination_of_Active_users_Previous_page_button_functionality_and_data_checking(UserManagement_TC.java:194)
	at java.base/jdk.internal.reflect.DirectMethodHandleAccessor.invoke(DirectMethodHandleAccessor.java:103)
	at java.base/java.lang.reflect.Method.invoke(Method.java:580)
	at org.testng.internal.MethodInvocationHelper.invokeMethod(MethodInvocationHelper.java:133)
	at org.testng.internal.TestInvoker.invokeMethod(TestInvoker.java:598)
	at org.testng.internal.TestInvoker.invokeTestMethod(TestInvoker.java:173)
	at org.testng.internal.MethodRunner.runInSequence(MethodRunner.java:46)
	at org.testng.internal.TestInvoker$MethodInvocationAgent.invoke(TestInvoker.java:824)
	at org.testng.internal.TestInvoker.invokeTestMethods(TestInvoker.java:146)
	at org.testng.internal.TestMethodWorker.invokeTestMethods(TestMethodWorker.java:146)
	at org.testng.internal.TestMethodWorker.run(TestMethodWorker.java:128)
	at java.base/java.util.ArrayList.forEach(ArrayList.java:1597)
	at org.testng.TestRunner.privateRun(TestRunner.java:794)
	at org.testng.TestRunner.run(TestRunner.java:596)
	at org.testng.SuiteRunner.runTest(SuiteRunner.java:377)
	at org.testng.SuiteRunner.runSequentially(SuiteRunner.java:371)
	at org.testng.SuiteRunner.privateRun(SuiteRunner.java:332)
	at org.testng.SuiteRunner.run(SuiteRunner.java:276)
	at org.testng.SuiteRunnerWorker.runSuite(SuiteRunnerWorker.java:53)
	at org.testng.SuiteRunnerWorker.run(SuiteRunnerWorker.java:96)
	at org.testng.TestNG.runSuitesSequentially(TestNG.java:1212)
	at org.testng.TestNG.runSuitesLocally(TestNG.java:1134)
	at org.testng.TestNG.runSuites(TestNG.java:1063)
	at org.testng.TestNG.run(TestNG.java:1031)
	at org.testng.remote.AbstractRemoteTestNG.run(AbstractRemoteTestNG.java:115)
	at org.testng.remote.RemoteTestNG.initAndRun(RemoteTestNG.java:293)
	at org.testng.remote.RemoteTestNG.main(RemoteTestNG.java:91)

</div> <!-- stack-trace -->
                </div> <!-- method-content -->
              </div> <!-- method -->
              <div class="method">
                <div class="method-content">
                  <a name="User_search_page_Pagination_of_Active_users_Second_page_button_functionality_and_data_checking">
                  </a> <!-- User_search_page_Pagination_of_Active_users_Second_page_button_functionality_and_data_checking -->
                  <span class="method-name">User_search_page_Pagination_of_Active_users_Second_page_button_functionality_and_data_checking</span>
                  <div class="stack-trace">java.lang.NullPointerException
	at java.base/java.util.Objects.requireNonNull(Objects.java:220)
	at org.openqa.selenium.support.ui.FluentWait.&lt;init&gt;(FluentWait.java:106)
	at org.openqa.selenium.support.ui.FluentWait.&lt;init&gt;(FluentWait.java:97)
	at com.BasePackage.Common.waitForSpinnerToDisappear(Common.java:44)
	at com.Pages_UserManagementModule.UserManagement_Page.ClickUserManagementSecondPageBtn(UserManagement_Page.java:161)
	at com.test.user.UserManagementModule.UserManagement_TC.User_search_page_Pagination_of_Active_users_Second_page_button_functionality_and_data_checking(UserManagement_TC.java:162)
	at java.base/jdk.internal.reflect.DirectMethodHandleAccessor.invoke(DirectMethodHandleAccessor.java:103)
	at java.base/java.lang.reflect.Method.invoke(Method.java:580)
	at org.testng.internal.MethodInvocationHelper.invokeMethod(MethodInvocationHelper.java:133)
	at org.testng.internal.TestInvoker.invokeMethod(TestInvoker.java:598)
	at org.testng.internal.TestInvoker.invokeTestMethod(TestInvoker.java:173)
	at org.testng.internal.MethodRunner.runInSequence(MethodRunner.java:46)
	at org.testng.internal.TestInvoker$MethodInvocationAgent.invoke(TestInvoker.java:824)
	at org.testng.internal.TestInvoker.invokeTestMethods(TestInvoker.java:146)
	at org.testng.internal.TestMethodWorker.invokeTestMethods(TestMethodWorker.java:146)
	at org.testng.internal.TestMethodWorker.run(TestMethodWorker.java:128)
	at java.base/java.util.ArrayList.forEach(ArrayList.java:1597)
	at org.testng.TestRunner.privateRun(TestRunner.java:794)
	at org.testng.TestRunner.run(TestRunner.java:596)
	at org.testng.SuiteRunner.runTest(SuiteRunner.java:377)
	at org.testng.SuiteRunner.runSequentially(SuiteRunner.java:371)
	at org.testng.SuiteRunner.privateRun(SuiteRunner.java:332)
	at org.testng.SuiteRunner.run(SuiteRunner.java:276)
	at org.testng.SuiteRunnerWorker.runSuite(SuiteRunnerWorker.java:53)
	at org.testng.SuiteRunnerWorker.run(SuiteRunnerWorker.java:96)
	at org.testng.TestNG.runSuitesSequentially(TestNG.java:1212)
	at org.testng.TestNG.runSuitesLocally(TestNG.java:1134)
	at org.testng.TestNG.runSuites(TestNG.java:1063)
	at org.testng.TestNG.run(TestNG.java:1031)
	at org.testng.remote.AbstractRemoteTestNG.run(AbstractRemoteTestNG.java:115)
	at org.testng.remote.RemoteTestNG.initAndRun(RemoteTestNG.java:293)
	at org.testng.remote.RemoteTestNG.main(RemoteTestNG.java:91)

</div> <!-- stack-trace -->
                </div> <!-- method-content -->
              </div> <!-- method -->
              <div class="method">
                <div class="method-content">
                  <a name="User_search_page__Default_State_of_IsActive_Checkbox">
                  </a> <!-- User_search_page__Default_State_of_IsActive_Checkbox -->
                  <span class="method-name">User_search_page__Default_State_of_IsActive_Checkbox</span>
                  <div class="stack-trace">java.lang.NullPointerException: Cannot invoke &quot;org.openqa.selenium.WebDriver.findElement(org.openqa.selenium.By)&quot; because &quot;this.driver&quot; is null
	at com.Pages_UserManagementModule.UserManagement_Page.isIsActiveCheckboxSelectedOrNot(UserManagement_Page.java:109)
	at com.test.user.UserManagementModule.UserManagement_TC.User_search_page__Default_State_of_IsActive_Checkbox(UserManagement_TC.java:108)
	at java.base/jdk.internal.reflect.DirectMethodHandleAccessor.invoke(DirectMethodHandleAccessor.java:103)
	at java.base/java.lang.reflect.Method.invoke(Method.java:580)
	at org.testng.internal.MethodInvocationHelper.invokeMethod(MethodInvocationHelper.java:133)
	at org.testng.internal.TestInvoker.invokeMethod(TestInvoker.java:598)
	at org.testng.internal.TestInvoker.invokeTestMethod(TestInvoker.java:173)
	at org.testng.internal.MethodRunner.runInSequence(MethodRunner.java:46)
	at org.testng.internal.TestInvoker$MethodInvocationAgent.invoke(TestInvoker.java:824)
	at org.testng.internal.TestInvoker.invokeTestMethods(TestInvoker.java:146)
	at org.testng.internal.TestMethodWorker.invokeTestMethods(TestMethodWorker.java:146)
	at org.testng.internal.TestMethodWorker.run(TestMethodWorker.java:128)
	at java.base/java.util.ArrayList.forEach(ArrayList.java:1597)
	at org.testng.TestRunner.privateRun(TestRunner.java:794)
	at org.testng.TestRunner.run(TestRunner.java:596)
	at org.testng.SuiteRunner.runTest(SuiteRunner.java:377)
	at org.testng.SuiteRunner.runSequentially(SuiteRunner.java:371)
	at org.testng.SuiteRunner.privateRun(SuiteRunner.java:332)
	at org.testng.SuiteRunner.run(SuiteRunner.java:276)
	at org.testng.SuiteRunnerWorker.runSuite(SuiteRunnerWorker.java:53)
	at org.testng.SuiteRunnerWorker.run(SuiteRunnerWorker.java:96)
	at org.testng.TestNG.runSuitesSequentially(TestNG.java:1212)
	at org.testng.TestNG.runSuitesLocally(TestNG.java:1134)
	at org.testng.TestNG.runSuites(TestNG.java:1063)
	at org.testng.TestNG.run(TestNG.java:1031)
	at org.testng.remote.AbstractRemoteTestNG.run(AbstractRemoteTestNG.java:115)
	at org.testng.remote.RemoteTestNG.initAndRun(RemoteTestNG.java:293)
	at org.testng.remote.RemoteTestNG.main(RemoteTestNG.java:91)

</div> <!-- stack-trace -->
                </div> <!-- method-content -->
              </div> <!-- method -->
            </div> <!-- main-panel-content rounded-window-bottom -->
          </div> <!-- suite-Default_suite-class-failed -->
          <div class="suite-Default_suite-class-passed">
            <div class="main-panel-header rounded-window-top">
              <img src="passed.png"/>
              <span class="class-name">com.test.user.UserManagementModule.UserManagement_TC</span>
            </div> <!-- main-panel-header rounded-window-top -->
            <div class="main-panel-content rounded-window-bottom">
              <div class="method">
                <div class="method-content">
                  <a name="Navigation_to_User_Management_Page">
                  </a> <!-- Navigation_to_User_Management_Page -->
                  <span class="method-name">Navigation_to_User_Management_Page</span>
                </div> <!-- method-content -->
              </div> <!-- method -->
              <div class="method">
                <div class="method-content">
                  <a name="Page_redirects_to_Add_New_User_page_showing_Name_Email_Phone_number_fields_Role_and_Organization_Type_dropdowns_Close_and_Submit_buttons_are_visible">
                  </a> <!-- Page_redirects_to_Add_New_User_page_showing_Name_Email_Phone_number_fields_Role_and_Organization_Type_dropdowns_Close_and_Submit_buttons_are_visible -->
                  <span class="method-name">Page_redirects_to_Add_New_User_page_showing_Name_Email_Phone_number_fields_Role_and_Organization_Type_dropdowns_Close_and_Submit_buttons_are_visible</span>
                </div> <!-- method-content -->
              </div> <!-- method -->
              <div class="method">
                <div class="method-content">
                  <a name="User_search_page__Pagination_of_Active_users">
                  </a> <!-- User_search_page__Pagination_of_Active_users -->
                  <span class="method-name">User_search_page__Pagination_of_Active_users</span>
                </div> <!-- method-content -->
              </div> <!-- method -->
            </div> <!-- main-panel-content rounded-window-bottom -->
          </div> <!-- suite-Default_suite-class-passed -->
        </div> <!-- panel Default_suite -->
        <div panel-name="test-xml-Default_suite" class="panel">
          <div class="main-panel-header rounded-window-top">
            <span class="header-content">C:\Users\apoorva.karanth\AppData\Local\Temp\testng-eclipse-1721456673\testng-customsuite.xml</span>
          </div> <!-- main-panel-header rounded-window-top -->
          <div class="main-panel-content rounded-window-bottom">
            <pre>
&lt;?xml version=&quot;1.0&quot; encoding=&quot;UTF-8&quot;?&gt;
&lt;!DOCTYPE suite SYSTEM &quot;https://testng.org/testng-1.0.dtd&quot;&gt;
&lt;suite name=&quot;Default suite&quot; guice-stage=&quot;DEVELOPMENT&quot;&gt;
  &lt;test thread-count=&quot;5&quot; name=&quot;Default test&quot; verbose=&quot;2&quot;&gt;
    &lt;classes&gt;
      &lt;class name=&quot;com.test.user.UserManagementModule.UserManagement_TC&quot;/&gt;
    &lt;/classes&gt;
  &lt;/test&gt; &lt;!-- Default test --&gt;
&lt;/suite&gt; &lt;!-- Default suite --&gt;
            </pre>
          </div> <!-- main-panel-content rounded-window-bottom -->
        </div> <!-- panel -->
        <div panel-name="testlist-Default_suite" class="panel">
          <div class="main-panel-header rounded-window-top">
            <span class="header-content">Tests for Default suite</span>
          </div> <!-- main-panel-header rounded-window-top -->
          <div class="main-panel-content rounded-window-bottom">
            <ul>
              <li>
                <span class="test-name">Default test (1 class)</span>
              </li>
            </ul>
          </div> <!-- main-panel-content rounded-window-bottom -->
        </div> <!-- panel -->
        <div panel-name="group-Default_suite" class="panel">
          <div class="main-panel-header rounded-window-top">
            <span class="header-content">Groups for Default suite</span>
          </div> <!-- main-panel-header rounded-window-top -->
          <div class="main-panel-content rounded-window-bottom">
          </div> <!-- main-panel-content rounded-window-bottom -->
        </div> <!-- panel -->
        <div panel-name="times-Default_suite" class="panel">
          <div class="main-panel-header rounded-window-top">
            <span class="header-content">Times for Default suite</span>
          </div> <!-- main-panel-header rounded-window-top -->
          <div class="main-panel-content rounded-window-bottom">
            <div class="times-div">
              <script type="text/javascript">
suiteTableInitFunctions.push('tableData_Default_suite');
function tableData_Default_suite() {
var data = new google.visualization.DataTable();
data.addColumn('number', 'Number');
data.addColumn('string', 'Method');
data.addColumn('string', 'Class');
data.addColumn('number', 'Time (ms)');
data.addRows(19);
data.setCell(0, 0, 0)
data.setCell(0, 1, 'Add_new_user_page_Enter_and_select_inputs_for_all_fields_except_Email_Field_and_click_on_submit_button')
data.setCell(0, 2, 'com.test.user.UserManagementModule.UserManagement_TC')
data.setCell(0, 3, 1380447);
data.setCell(1, 0, 1)
data.setCell(1, 1, 'Add_new_user_page_Enter_and_select_inputs_for_all_fields_except_Phone_number_Field_and_click_on_submit_button')
data.setCell(1, 2, 'com.test.user.UserManagementModule.UserManagement_TC')
data.setCell(1, 3, 1380330);
data.setCell(2, 0, 2)
data.setCell(2, 1, 'Add_new_user_page_Enter_and_select_inputs_for_all_fields_except_organization_type_dropdown_and_click_on_submit_button')
data.setCell(2, 2, 'com.test.user.UserManagementModule.UserManagement_TC')
data.setCell(2, 3, 1380328);
data.setCell(3, 0, 3)
data.setCell(3, 1, 'Add_new_user_page_Enter_and_select_inputs_for_all_fields_except_role_dropdown_and_click_on_submit_button')
data.setCell(3, 2, 'com.test.user.UserManagementModule.UserManagement_TC')
data.setCell(3, 3, 1380062);
data.setCell(4, 0, 4)
data.setCell(4, 1, 'Add_new_user_page_Enter_and_select_inputs_for_all_fields_except_Name_Field_and_click_on_submit_button')
data.setCell(4, 2, 'com.test.user.UserManagementModule.UserManagement_TC')
data.setCell(4, 3, 780150);
data.setCell(5, 0, 5)
data.setCell(5, 1, 'Add_new_user_page_Submit_Without_Inputs')
data.setCell(5, 2, 'com.test.user.UserManagementModule.UserManagement_TC')
data.setCell(5, 3, 600600);
data.setCell(6, 0, 6)
data.setCell(6, 1, 'Navigation_to_User_Management_Page')
data.setCell(6, 2, 'com.test.user.UserManagementModule.UserManagement_TC')
data.setCell(6, 3, 20896);
data.setCell(7, 0, 7)
data.setCell(7, 1, 'Add_new_user_page_Organization_Type_Selection_as_Head_office_Display_Head_Office_Dropdown')
data.setCell(7, 2, 'com.test.user.UserManagementModule.UserManagement_TC')
data.setCell(7, 3, 13449);
data.setCell(8, 0, 8)
data.setCell(8, 1, 'User_search_page_Pagination_of_Active_users_Last_page_button_functionality_and_data_checking')
data.setCell(8, 2, 'com.test.user.UserManagementModule.UserManagement_TC')
data.setCell(8, 3, 5677);
data.setCell(9, 0, 9)
data.setCell(9, 1, 'Add_new_user_page_Organization_Type_Selection_as_Region_Display_Head_office_and_Zone_CO_Region_dropdown_fields')
data.setCell(9, 2, 'com.test.user.UserManagementModule.UserManagement_TC')
data.setCell(9, 3, 3788);
data.setCell(10, 0, 10)
data.setCell(10, 1, 'Add_new_user_page_Organization_Type_Selection_as_Zone_Co_Display_Head_office_and_Zone_CO_dropdown_fields')
data.setCell(10, 2, 'com.test.user.UserManagementModule.UserManagement_TC')
data.setCell(10, 3, 3745);
data.setCell(11, 0, 11)
data.setCell(11, 1, 'Add_new_user_page_Organization_Type_Selection_as_Branch_Display_Head_office_and_Zone_CO_Region_and_Branch_dropdown_fields')
data.setCell(11, 2, 'com.test.user.UserManagementModule.UserManagement_TC')
data.setCell(11, 3, 3737);
data.setCell(12, 0, 12)
data.setCell(12, 1, 'User_search_page__Pagination_of_Active_users')
data.setCell(12, 2, 'com.test.user.UserManagementModule.UserManagement_TC')
data.setCell(12, 3, 622);
data.setCell(13, 0, 13)
data.setCell(13, 1, 'Page_redirects_to_Add_New_User_page_showing_Name_Email_Phone_number_fields_Role_and_Organization_Type_dropdowns_Close_and_Submit_buttons_are_visible')
data.setCell(13, 2, 'com.test.user.UserManagementModule.UserManagement_TC')
data.setCell(13, 3, 505);
data.setCell(14, 0, 14)
data.setCell(14, 1, 'Test_Redirect_to_Add_New_User_Page')
data.setCell(14, 2, 'com.test.user.UserManagementModule.UserManagement_TC')
data.setCell(14, 3, 336);
data.setCell(15, 0, 15)
data.setCell(15, 1, 'User_search_page_Pagination_of_Active_users_Previous_page_button_functionality_and_data_checking')
data.setCell(15, 2, 'com.test.user.UserManagementModule.UserManagement_TC')
data.setCell(15, 3, 311);
data.setCell(16, 0, 16)
data.setCell(16, 1, 'User_search_page_Pagination_of_Active_users_Second_page_button_functionality_and_data_checking')
data.setCell(16, 2, 'com.test.user.UserManagementModule.UserManagement_TC')
data.setCell(16, 3, 241);
data.setCell(17, 0, 17)
data.setCell(17, 1, 'User_search_page__Default_State_of_IsActive_Checkbox')
data.setCell(17, 2, 'com.test.user.UserManagementModule.UserManagement_TC')
data.setCell(17, 3, 7);
data.setCell(18, 0, 18)
data.setCell(18, 1, 'Add_new_user_page_Invalid_Email_Format')
data.setCell(18, 2, 'com.test.user.UserManagementModule.UserManagement_TC')
data.setCell(18, 3, 2);
window.suiteTableData['Default_suite']= { tableData: data, tableDiv: 'times-div-Default_suite'}
return data;
}
              </script>
              <span class="suite-total-time">Total running time: 1 hours</span>
              <div id="times-div-Default_suite">
              </div> <!-- times-div-Default_suite -->
            </div> <!-- times-div -->
          </div> <!-- main-panel-content rounded-window-bottom -->
        </div> <!-- panel -->
        <div panel-name="reporter-Default_suite" class="panel">
          <div class="main-panel-header rounded-window-top">
            <span class="header-content">Reporter output for Default suite</span>
          </div> <!-- main-panel-header rounded-window-top -->
          <div class="main-panel-content rounded-window-bottom">
          </div> <!-- main-panel-content rounded-window-bottom -->
        </div> <!-- panel -->
        <div panel-name="ignored-methods-Default_suite" class="panel">
          <div class="main-panel-header rounded-window-top">
            <span class="header-content">0 ignored methods</span>
          </div> <!-- main-panel-header rounded-window-top -->
          <div class="main-panel-content rounded-window-bottom">
          </div> <!-- main-panel-content rounded-window-bottom -->
        </div> <!-- panel -->
        <div panel-name="chronological-Default_suite" class="panel">
          <div class="main-panel-header rounded-window-top">
            <span class="header-content">Methods in chronological order</span>
          </div> <!-- main-panel-header rounded-window-top -->
          <div class="main-panel-content rounded-window-bottom">
            <div class="chronological-class">
              <div class="chronological-class-name">com.test.user.UserManagementModule.UserManagement_TC</div> <!-- chronological-class-name -->
              <div class="configuration-suite before">
                <span class="method-name">reference</span>
                <span class="method-start">0 ms</span>
              </div> <!-- configuration-suite before -->
              <div class="configuration-method before">
                <span class="method-name">ExtentTestManagerStartTest(public void com.test.user.UserManagementModule.UserManagement_TC.Navigation_to_User_Management_Page(...)</span>
                <span class="method-start">102408 ms</span>
              </div> <!-- configuration-method before -->
              <div class="test-method">
                <span class="method-name">Navigation_to_User_Management_Page</span>
                <span class="method-start">102664 ms</span>
              </div> <!-- test-method -->
              <div class="configuration-method after">
                <span class="method-name">takeScreenshotOnFailure([TestResult name=Navigation_to_User_Management_Page status=SUCCESS method=UserManagement_TC.Navigati...)</span>
                <span class="method-start">123566 ms</span>
              </div> <!-- configuration-method after -->
              <div class="test-method">
                <img src="failed.png">
                </img>
                <span class="method-name">User_search_page__Default_State_of_IsActive_Checkbox</span>
                <span class="method-start">123572 ms</span>
              </div> <!-- test-method -->
              <div class="configuration-method before">
                <span class="method-name">ExtentTestManagerStartTest(public void com.test.user.UserManagementModule.UserManagement_TC.User_search_page__Default_State_of_...)</span>
                <span class="method-start">123572 ms</span>
              </div> <!-- configuration-method before -->
              <div class="configuration-method after">
                <span class="method-name">takeScreenshotOnFailure([TestResult name=User_search_page__Default_State_of_IsActive_Checkbox status=FAILURE method=UserMana...)</span>
                <span class="method-start">123583 ms</span>
              </div> <!-- configuration-method after -->
              <div class="configuration-method before">
                <span class="method-name">ExtentTestManagerStartTest(public void com.test.user.UserManagementModule.UserManagement_TC.User_search_page__Pagination_of_Act...)</span>
                <span class="method-start">123764 ms</span>
              </div> <!-- configuration-method before -->
              <div class="test-method">
                <span class="method-name">User_search_page__Pagination_of_Active_users</span>
                <span class="method-start">123765 ms</span>
              </div> <!-- test-method -->
              <div class="configuration-method after">
                <span class="method-name">takeScreenshotOnFailure([TestResult name=User_search_page__Pagination_of_Active_users status=SUCCESS method=UserManagement_T...)</span>
                <span class="method-start">124390 ms</span>
              </div> <!-- configuration-method after -->
              <div class="configuration-method before">
                <span class="method-name">ExtentTestManagerStartTest(public void com.test.user.UserManagementModule.UserManagement_TC.User_search_page_Pagination_of_Acti...)</span>
                <span class="method-start">124391 ms</span>
              </div> <!-- configuration-method before -->
              <div class="test-method">
                <img src="failed.png">
                </img>
                <span class="method-name">User_search_page_Pagination_of_Active_users_Second_page_button_functionality_and_data_checking</span>
                <span class="method-start">124392 ms</span>
              </div> <!-- test-method -->
              <div class="configuration-method after">
                <span class="method-name">takeScreenshotOnFailure([TestResult name=User_search_page_Pagination_of_Active_users_Second_page_button_functionality_and_da...)</span>
                <span class="method-start">124636 ms</span>
              </div> <!-- configuration-method after -->
              <div class="test-method">
                <img src="failed.png">
                </img>
                <span class="method-name">User_search_page_Pagination_of_Active_users_Last_page_button_functionality_and_data_checking</span>
                <span class="method-start">124814 ms</span>
              </div> <!-- test-method -->
              <div class="configuration-method before">
                <span class="method-name">ExtentTestManagerStartTest(public void com.test.user.UserManagementModule.UserManagement_TC.User_search_page_Pagination_of_Acti...)</span>
                <span class="method-start">124814 ms</span>
              </div> <!-- configuration-method before -->
              <div class="configuration-method after">
                <span class="method-name">takeScreenshotOnFailure([TestResult name=User_search_page_Pagination_of_Active_users_Last_page_button_functionality_and_data...)</span>
                <span class="method-start">130495 ms</span>
              </div> <!-- configuration-method after -->
              <div class="configuration-method before">
                <span class="method-name">ExtentTestManagerStartTest(public void com.test.user.UserManagementModule.UserManagement_TC.User_search_page_Pagination_of_Acti...)</span>
                <span class="method-start">130680 ms</span>
              </div> <!-- configuration-method before -->
              <div class="test-method">
                <img src="failed.png">
                </img>
                <span class="method-name">User_search_page_Pagination_of_Active_users_Previous_page_button_functionality_and_data_checking</span>
                <span class="method-start">130681 ms</span>
              </div> <!-- test-method -->
              <div class="configuration-method after">
                <span class="method-name">takeScreenshotOnFailure([TestResult name=User_search_page_Pagination_of_Active_users_Previous_page_button_functionality_and_...)</span>
                <span class="method-start">130994 ms</span>
              </div> <!-- configuration-method after -->
              <div class="configuration-method before">
                <span class="method-name">ExtentTestManagerStartTest(public void com.test.user.UserManagementModule.UserManagement_TC.Test_Redirect_to_Add_New_User_Page(...)</span>
                <span class="method-start">131152 ms</span>
              </div> <!-- configuration-method before -->
              <div class="test-method">
                <img src="failed.png">
                </img>
                <span class="method-name">Test_Redirect_to_Add_New_User_Page</span>
                <span class="method-start">131152 ms</span>
              </div> <!-- test-method -->
              <div class="configuration-method after">
                <span class="method-name">takeScreenshotOnFailure([TestResult name=Test_Redirect_to_Add_New_User_Page status=FAILURE method=UserManagement_TC.Test_Red...)</span>
                <span class="method-start">131490 ms</span>
              </div> <!-- configuration-method after -->
              <div class="configuration-method before">
                <span class="method-name">ExtentTestManagerStartTest(public void com.test.user.UserManagementModule.UserManagement_TC.Page_redirects_to_Add_New_User_page...)</span>
                <span class="method-start">131686 ms</span>
              </div> <!-- configuration-method before -->
              <div class="test-method">
                <span class="method-name">Page_redirects_to_Add_New_User_page_showing_Name_Email_Phone_number_fields_Role_and_Organization_Type_dropdowns_Close_and_Submit_buttons_are_visible</span>
                <span class="method-start">131687 ms</span>
              </div> <!-- test-method -->
              <div class="configuration-method after">
                <span class="method-name">takeScreenshotOnFailure([TestResult name=Page_redirects_to_Add_New_User_page_showing_Name_Email_Phone_number_fields_Role_and...)</span>
                <span class="method-start">132193 ms</span>
              </div> <!-- configuration-method after -->
              <div class="configuration-method before">
                <span class="method-name">ExtentTestManagerStartTest(public void com.test.user.UserManagementModule.UserManagement_TC.Add_new_user_page_Organization_Type...)</span>
                <span class="method-start">133429 ms</span>
              </div> <!-- configuration-method before -->
              <div class="test-method">
                <img src="failed.png">
                </img>
                <span class="method-name">Add_new_user_page_Organization_Type_Selection_as_Head_office_Display_Head_Office_Dropdown({AlphabeticInputName=Mahalinga, AlphaNumericInputName=John1234, Branch=Indore I, Email=mahalinga@gma...)</span>
                <span class="method-start">133430 ms</span>
              </div> <!-- test-method -->
              <div class="configuration-method after">
                <span class="method-name">takeScreenshotOnFailure([TestResult name=Add_new_user_page_Organization_Type_Selection_as_Head_office_Display_Head_Office_Dr...)</span>
                <span class="method-start">146881 ms</span>
              </div> <!-- configuration-method after -->
              <div class="configuration-method before">
                <span class="method-name">ExtentTestManagerStartTest(public void com.test.user.UserManagementModule.UserManagement_TC.Add_new_user_page_Organization_Type...)</span>
                <span class="method-start">147163 ms</span>
              </div> <!-- configuration-method before -->
              <div class="test-method">
                <img src="failed.png">
                </img>
                <span class="method-name">Add_new_user_page_Organization_Type_Selection_as_Zone_Co_Display_Head_office_and_Zone_CO_dropdown_fields({AlphabeticInputName=Mahalinga, AlphaNumericInputName=John1234, Branch=Indore I, Email=mahalinga@gma...)</span>
                <span class="method-start">147164 ms</span>
              </div> <!-- test-method -->
              <div class="configuration-method after">
                <span class="method-name">takeScreenshotOnFailure([TestResult name=Add_new_user_page_Organization_Type_Selection_as_Zone_Co_Display_Head_office_and_Zo...)</span>
                <span class="method-start">150911 ms</span>
              </div> <!-- configuration-method after -->
              <div class="configuration-method before">
                <span class="method-name">ExtentTestManagerStartTest(public void com.test.user.UserManagementModule.UserManagement_TC.Add_new_user_page_Organization_Type...)</span>
                <span class="method-start">151212 ms</span>
              </div> <!-- configuration-method before -->
              <div class="test-method">
                <img src="failed.png">
                </img>
                <span class="method-name">Add_new_user_page_Organization_Type_Selection_as_Region_Display_Head_office_and_Zone_CO_Region_dropdown_fields({AlphabeticInputName=Mahalinga, AlphaNumericInputName=John1234, Branch=Indore I, Email=mahalinga@gma...)</span>
                <span class="method-start">151213 ms</span>
              </div> <!-- test-method -->
              <div class="configuration-method after">
                <span class="method-name">takeScreenshotOnFailure([TestResult name=Add_new_user_page_Organization_Type_Selection_as_Region_Display_Head_office_and_Zon...)</span>
                <span class="method-start">155003 ms</span>
              </div> <!-- configuration-method after -->
              <div class="configuration-method before">
                <span class="method-name">ExtentTestManagerStartTest(public void com.test.user.UserManagementModule.UserManagement_TC.Add_new_user_page_Organization_Type...)</span>
                <span class="method-start">155332 ms</span>
              </div> <!-- configuration-method before -->
              <div class="test-method">
                <img src="failed.png">
                </img>
                <span class="method-name">Add_new_user_page_Organization_Type_Selection_as_Branch_Display_Head_office_and_Zone_CO_Region_and_Branch_dropdown_fields({AlphabeticInputName=Mahalinga, AlphaNumericInputName=John1234, Branch=Indore I, Email=mahalinga@gma...)</span>
                <span class="method-start">155332 ms</span>
              </div> <!-- test-method -->
              <div class="configuration-method after">
                <span class="method-name">takeScreenshotOnFailure([TestResult name=Add_new_user_page_Organization_Type_Selection_as_Branch_Display_Head_office_and_Zon...)</span>
                <span class="method-start">159070 ms</span>
              </div> <!-- configuration-method after -->
              <div class="configuration-method before">
                <span class="method-name">ExtentTestManagerStartTest(public void com.test.user.UserManagementModule.UserManagement_TC.Add_new_user_page_Submit_Without_In...)</span>
                <span class="method-start">159316 ms</span>
              </div> <!-- configuration-method before -->
              <div class="test-method">
                <img src="failed.png">
                </img>
                <span class="method-name">Add_new_user_page_Submit_Without_Inputs({AlphabeticInputName=Mahalinga, AlphaNumericInputName=John1234, Branch=Indore I, Email=mahalinga@gma...)</span>
                <span class="method-start">159317 ms</span>
              </div> <!-- test-method -->
              <div class="configuration-method after">
                <span class="method-name">takeScreenshotOnFailure([TestResult name=Add_new_user_page_Submit_Without_Inputs status=FAILURE method=UserManagement_TC.Add...)</span>
                <span class="method-start">759922 ms</span>
              </div> <!-- configuration-method after -->
              <div class="configuration-method before">
                <span class="method-name">ExtentTestManagerStartTest(public void com.test.user.UserManagementModule.UserManagement_TC.Add_new_user_page_Enter_and_select_...)</span>
                <span class="method-start">760166 ms</span>
              </div> <!-- configuration-method before -->
              <div class="test-method">
                <img src="failed.png">
                </img>
                <span class="method-name">Add_new_user_page_Enter_and_select_inputs_for_all_fields_except_Name_Field_and_click_on_submit_button({AlphabeticInputName=Mahalinga, AlphaNumericInputName=John1234, Branch=Indore I, Email=mahalinga@gma...)</span>
                <span class="method-start">760167 ms</span>
              </div> <!-- test-method -->
              <div class="configuration-method after">
                <span class="method-name">takeScreenshotOnFailure([TestResult name=Add_new_user_page_Enter_and_select_inputs_for_all_fields_except_Name_Field_and_clic...)</span>
                <span class="method-start">1540322 ms</span>
              </div> <!-- configuration-method after -->
              <div class="configuration-method before">
                <span class="method-name">ExtentTestManagerStartTest(public void com.test.user.UserManagementModule.UserManagement_TC.Add_new_user_page_Enter_and_select_...)</span>
                <span class="method-start">1540655 ms</span>
              </div> <!-- configuration-method before -->
              <div class="test-method">
                <img src="failed.png">
                </img>
                <span class="method-name">Add_new_user_page_Enter_and_select_inputs_for_all_fields_except_Email_Field_and_click_on_submit_button({AlphabeticInputName=Mahalinga, AlphaNumericInputName=John1234, Branch=Indore I, Email=mahalinga@gma...)</span>
                <span class="method-start">1540656 ms</span>
              </div> <!-- test-method -->
              <div class="configuration-method after">
                <span class="method-name">takeScreenshotOnFailure([TestResult name=Add_new_user_page_Enter_and_select_inputs_for_all_fields_except_Email_Field_and_cli...)</span>
                <span class="method-start">2921105 ms</span>
              </div> <!-- configuration-method after -->
              <div class="configuration-method before">
                <span class="method-name">ExtentTestManagerStartTest(public void com.test.user.UserManagementModule.UserManagement_TC.Add_new_user_page_Enter_and_select_...)</span>
                <span class="method-start">2921517 ms</span>
              </div> <!-- configuration-method before -->
              <div class="test-method">
                <img src="failed.png">
                </img>
                <span class="method-name">Add_new_user_page_Enter_and_select_inputs_for_all_fields_except_Phone_number_Field_and_click_on_submit_button({AlphabeticInputName=Mahalinga, AlphaNumericInputName=John1234, Branch=Indore I, Email=mahalinga@gma...)</span>
                <span class="method-start">2921518 ms</span>
              </div> <!-- test-method -->
              <div class="configuration-method after">
                <span class="method-name">takeScreenshotOnFailure([TestResult name=Add_new_user_page_Enter_and_select_inputs_for_all_fields_except_Phone_number_Field_...)</span>
                <span class="method-start">4301854 ms</span>
              </div> <!-- configuration-method after -->
              <div class="configuration-method before">
                <span class="method-name">ExtentTestManagerStartTest(public void com.test.user.UserManagementModule.UserManagement_TC.Add_new_user_page_Enter_and_select_...)</span>
                <span class="method-start">4302294 ms</span>
              </div> <!-- configuration-method before -->
              <div class="test-method">
                <img src="failed.png">
                </img>
                <span class="method-name">Add_new_user_page_Enter_and_select_inputs_for_all_fields_except_role_dropdown_and_click_on_submit_button({AlphabeticInputName=Mahalinga, AlphaNumericInputName=John1234, Branch=Indore I, Email=mahalinga@gma...)</span>
                <span class="method-start">4302295 ms</span>
              </div> <!-- test-method -->
              <div class="configuration-method after">
                <span class="method-name">takeScreenshotOnFailure([TestResult name=Add_new_user_page_Enter_and_select_inputs_for_all_fields_except_role_dropdown_and_c...)</span>
                <span class="method-start">5682361 ms</span>
              </div> <!-- configuration-method after -->
              <div class="configuration-method before">
                <span class="method-name">ExtentTestManagerStartTest(public void com.test.user.UserManagementModule.UserManagement_TC.Add_new_user_page_Enter_and_select_...)</span>
                <span class="method-start">5682789 ms</span>
              </div> <!-- configuration-method before -->
              <div class="test-method">
                <img src="failed.png">
                </img>
                <span class="method-name">Add_new_user_page_Enter_and_select_inputs_for_all_fields_except_organization_type_dropdown_and_click_on_submit_button({AlphabeticInputName=Mahalinga, AlphaNumericInputName=John1234, Branch=Indore I, Email=mahalinga@gma...)</span>
                <span class="method-start">5682790 ms</span>
              </div> <!-- test-method -->
              <div class="configuration-method after">
                <span class="method-name">takeScreenshotOnFailure([TestResult name=Add_new_user_page_Enter_and_select_inputs_for_all_fields_except_organization_type_d...)</span>
                <span class="method-start">7063121 ms</span>
              </div> <!-- configuration-method after -->
              <div class="configuration-method before">
                <span class="method-name">ExtentTestManagerStartTest(public void com.test.user.UserManagementModule.UserManagement_TC.Add_new_user_page_Invalid_Email_For...)</span>
                <span class="method-start">7063541 ms</span>
              </div> <!-- configuration-method before -->
              <div class="test-method">
                <img src="failed.png">
                </img>
                <span class="method-name">Add_new_user_page_Invalid_Email_Format({AlphabeticInputName=Mahalinga, AlphaNumericInputName=John1234, Branch=Indore I, Email=mahalinga@gma...)</span>
                <span class="method-start">7063541 ms</span>
              </div> <!-- test-method -->
              <div class="configuration-method after">
                <span class="method-name">takeScreenshotOnFailure([TestResult name=Add_new_user_page_Invalid_Email_Format status=FAILURE method=UserManagement_TC.Add_...)</span>
                <span class="method-start">7063544 ms</span>
              </div> <!-- configuration-method after -->
              <div class="configuration-suite after">
                <span class="method-name">afterEachTest</span>
                <span class="method-start">7064091 ms</span>
              </div> <!-- configuration-suite after -->
          </div> <!-- main-panel-content rounded-window-bottom -->
        </div> <!-- panel -->
      </div> <!-- main-panel-root -->
    </div> <!-- wrapper -->
  </body>
<script type="text/javascript" src="testng-reports2.js"></script>
</html>
